[10-Dec-2024 11:19:11 UTC] 1733829551
[10-Dec-2024 11:19:11 UTC]  Verified Question Type: MCQ
[10-Dec-2024 11:19:11 UTC] MC Index: 0
[10-Dec-2024 11:19:11 UTC] MC Index: 1
[10-Dec-2024 11:19:11 UTC] MC Index: 2
[10-Dec-2024 11:19:11 UTC] MC Index: 3
[10-Dec-2024 11:19:11 UTC]  Verified Question Type: MCQ
[10-Dec-2024 11:19:11 UTC] MC Index: 0
[10-Dec-2024 11:19:11 UTC] MC Index: 1
[10-Dec-2024 11:19:11 UTC] MC Index: 2
[10-Dec-2024 11:19:11 UTC] MC Index: 3
[10-Dec-2024 11:19:11 UTC]  Verified Question Type: MCQ
[10-Dec-2024 11:19:11 UTC] MC Index: 0
[10-Dec-2024 11:19:11 UTC] MC Index: 1
[10-Dec-2024 11:19:11 UTC] MC Index: 2
[10-Dec-2024 11:19:11 UTC] MC Index: 3
[10-Dec-2024 11:19:11 UTC]  Verified Question Type: MCQ
[10-Dec-2024 11:19:11 UTC] MC Index: 0
[10-Dec-2024 11:19:11 UTC] MC Index: 1
[10-Dec-2024 11:19:11 UTC] MC Index: 2
[10-Dec-2024 11:19:11 UTC] MC Index: 3
[10-Dec-2024 11:19:11 UTC]  Verified Question Type: MCQ
[10-Dec-2024 11:19:11 UTC] MC Index: 0
[10-Dec-2024 11:19:11 UTC] MC Index: 1
[10-Dec-2024 11:19:11 UTC] MC Index: 2
[10-Dec-2024 11:19:11 UTC] MC Index: 3
[10-Dec-2024 11:19:11 UTC]  Verified Question Type: MCQ
[10-Dec-2024 11:19:11 UTC] MC Index: 0
[10-Dec-2024 11:19:11 UTC] MC Index: 1
[10-Dec-2024 11:19:11 UTC] MC Index: 2
[10-Dec-2024 11:19:11 UTC] MC Index: 3
[10-Dec-2024 11:19:11 UTC]  Verified Question Type: MCQ
[10-Dec-2024 11:19:11 UTC] MC Index: 0
[10-Dec-2024 11:19:11 UTC] MC Index: 1
[10-Dec-2024 11:19:11 UTC] MC Index: 2
[10-Dec-2024 11:19:11 UTC] MC Index: 3
[10-Dec-2024 11:19:11 UTC]  Verified Question Type: MCQ
[10-Dec-2024 11:19:11 UTC] MC Index: 0
[10-Dec-2024 11:19:11 UTC] MC Index: 1
[10-Dec-2024 11:19:11 UTC] MC Index: 2
[10-Dec-2024 11:19:11 UTC] MC Index: 3
[10-Dec-2024 11:19:11 UTC]  Verified Question Type: MCQ
[10-Dec-2024 11:19:11 UTC] MC Index: 0
[10-Dec-2024 11:19:11 UTC] MC Index: 1
[10-Dec-2024 11:19:11 UTC] MC Index: 2
[10-Dec-2024 11:19:11 UTC] MC Index: 3
[10-Dec-2024 11:19:11 UTC]  Verified Question Type: MCQ
[10-Dec-2024 11:19:11 UTC] MC Index: 0
[10-Dec-2024 11:19:11 UTC] MC Index: 1
[10-Dec-2024 11:19:11 UTC] MC Index: 2
[10-Dec-2024 11:19:11 UTC] MC Index: 3
[10-Dec-2024 11:19:11 UTC]  Verified Question Type: MCQ
[10-Dec-2024 11:19:11 UTC] MC Index: 0
[10-Dec-2024 11:19:11 UTC] MC Index: 1
[10-Dec-2024 11:19:11 UTC] MC Index: 2
[10-Dec-2024 11:19:11 UTC] MC Index: 3
[10-Dec-2024 11:19:11 UTC]  Verified Question Type: MCQ
[10-Dec-2024 11:19:11 UTC] MC Index: 0
[10-Dec-2024 11:19:11 UTC] MC Index: 1
[10-Dec-2024 11:19:11 UTC] MC Index: 2
[10-Dec-2024 11:19:11 UTC] MC Index: 3
[10-Dec-2024 11:19:11 UTC]  Verified Question Type: MCQ
[10-Dec-2024 11:19:11 UTC] MC Index: 0
[10-Dec-2024 11:19:11 UTC] MC Index: 1
[10-Dec-2024 11:19:11 UTC] MC Index: 2
[10-Dec-2024 11:19:11 UTC] MC Index: 3
[10-Dec-2024 11:19:11 UTC]  Verified Question Type: MCQ
[10-Dec-2024 11:19:11 UTC] MC Index: 0
[10-Dec-2024 11:19:11 UTC] MC Index: 1
[10-Dec-2024 11:19:11 UTC] MC Index: 2
[10-Dec-2024 11:19:11 UTC] MC Index: 3
[10-Dec-2024 11:19:11 UTC]  Verified Question Type: MCQ
[10-Dec-2024 11:19:11 UTC] MC Index: 0
[10-Dec-2024 11:19:11 UTC] MC Index: 1
[10-Dec-2024 11:19:11 UTC] MC Index: 2
[10-Dec-2024 11:19:11 UTC] MC Index: 3
[10-Dec-2024 11:27:18 UTC] 1733830038
[10-Dec-2024 11:27:18 UTC]  Verified Question Type: MCQ
[10-Dec-2024 11:27:18 UTC] MC Index: 0
[10-Dec-2024 11:27:18 UTC] MC Index: 1
[10-Dec-2024 11:27:18 UTC] MC Index: 2
[10-Dec-2024 11:27:18 UTC] MC Index: 3
[10-Dec-2024 11:27:18 UTC]  Verified Question Type: MCQ
[10-Dec-2024 11:27:18 UTC] MC Index: 0
[10-Dec-2024 11:27:18 UTC] MC Index: 1
[10-Dec-2024 11:27:18 UTC] MC Index: 2
[10-Dec-2024 11:27:18 UTC] MC Index: 3
[10-Dec-2024 11:27:18 UTC]  Verified Question Type: MCQ
[10-Dec-2024 11:27:18 UTC] MC Index: 0
[10-Dec-2024 11:27:18 UTC] MC Index: 1
[10-Dec-2024 11:27:18 UTC] MC Index: 2
[10-Dec-2024 11:27:18 UTC] MC Index: 3
[10-Dec-2024 11:27:18 UTC]  Verified Question Type: MCQ
[10-Dec-2024 11:27:18 UTC] MC Index: 0
[10-Dec-2024 11:27:18 UTC] MC Index: 1
[10-Dec-2024 11:27:18 UTC] MC Index: 2
[10-Dec-2024 11:27:18 UTC] MC Index: 3
[10-Dec-2024 11:27:18 UTC]  Verified Question Type: MCQ
[10-Dec-2024 11:27:18 UTC] MC Index: 0
[10-Dec-2024 11:27:18 UTC] MC Index: 1
[10-Dec-2024 11:27:18 UTC] MC Index: 2
[10-Dec-2024 11:27:18 UTC] MC Index: 3
[10-Dec-2024 11:27:18 UTC]  Verified Question Type: MCQ
[10-Dec-2024 11:27:18 UTC] MC Index: 0
[10-Dec-2024 11:27:18 UTC] MC Index: 1
[10-Dec-2024 11:27:18 UTC] MC Index: 2
[10-Dec-2024 11:27:18 UTC] MC Index: 3
[10-Dec-2024 11:27:18 UTC]  Verified Question Type: MCQ
[10-Dec-2024 11:27:18 UTC] MC Index: 0
[10-Dec-2024 11:27:18 UTC] MC Index: 1
[10-Dec-2024 11:27:18 UTC] MC Index: 2
[10-Dec-2024 11:27:18 UTC] MC Index: 3
[10-Dec-2024 11:27:18 UTC]  Verified Question Type: MCQ
[10-Dec-2024 11:27:18 UTC] MC Index: 0
[10-Dec-2024 11:27:18 UTC] MC Index: 1
[10-Dec-2024 11:27:18 UTC] MC Index: 2
[10-Dec-2024 11:27:18 UTC] MC Index: 3
[10-Dec-2024 11:27:18 UTC]  Verified Question Type: MCQ
[10-Dec-2024 11:27:18 UTC] MC Index: 0
[10-Dec-2024 11:27:18 UTC] MC Index: 1
[10-Dec-2024 11:27:18 UTC] MC Index: 2
[10-Dec-2024 11:27:18 UTC] MC Index: 3
[10-Dec-2024 11:27:18 UTC]  Verified Question Type: MCQ
[10-Dec-2024 11:27:18 UTC] MC Index: 0
[10-Dec-2024 11:27:18 UTC] MC Index: 1
[10-Dec-2024 11:27:18 UTC] MC Index: 2
[10-Dec-2024 11:27:18 UTC] MC Index: 3
[10-Dec-2024 11:27:18 UTC]  Verified Question Type: MCQ
[10-Dec-2024 11:27:18 UTC] MC Index: 0
[10-Dec-2024 11:27:18 UTC] MC Index: 1
[10-Dec-2024 11:27:18 UTC] MC Index: 2
[10-Dec-2024 11:27:18 UTC] MC Index: 3
[10-Dec-2024 11:27:18 UTC]  Verified Question Type: MCQ
[10-Dec-2024 11:27:18 UTC] MC Index: 0
[10-Dec-2024 11:27:18 UTC] MC Index: 1
[10-Dec-2024 11:27:18 UTC] MC Index: 2
[10-Dec-2024 11:27:18 UTC] MC Index: 3
[10-Dec-2024 11:27:18 UTC]  Verified Question Type: MCQ
[10-Dec-2024 11:27:18 UTC] MC Index: 0
[10-Dec-2024 11:27:18 UTC] MC Index: 1
[10-Dec-2024 11:27:18 UTC] MC Index: 2
[10-Dec-2024 11:27:18 UTC] MC Index: 3
[10-Dec-2024 11:27:18 UTC]  Verified Question Type: MCQ
[10-Dec-2024 11:27:18 UTC] MC Index: 0
[10-Dec-2024 11:27:18 UTC] MC Index: 1
[10-Dec-2024 11:27:18 UTC] MC Index: 2
[10-Dec-2024 11:27:18 UTC] MC Index: 3
[10-Dec-2024 11:27:18 UTC]  Verified Question Type: MCQ
[10-Dec-2024 11:27:18 UTC] MC Index: 0
[10-Dec-2024 11:27:18 UTC] MC Index: 1
[10-Dec-2024 11:27:18 UTC] MC Index: 2
[10-Dec-2024 11:27:18 UTC] MC Index: 3
[10-Dec-2024 11:27:18 UTC]  Verified Question Type: MCQ
[10-Dec-2024 11:27:18 UTC] MC Index: 0
[10-Dec-2024 11:27:18 UTC] MC Index: 1
[10-Dec-2024 11:27:18 UTC] MC Index: 2
[10-Dec-2024 11:27:18 UTC] MC Index: 3
[10-Dec-2024 11:27:46 UTC] PHP Warning:  Undefined variable $actual_ans in C:\xampp\htdocs\wiz\wp-content\plugins\wiz-quiz\ajax.php on line 20
[10-Dec-2024 11:27:49 UTC] PHP Warning:  Undefined variable $actual_ans in C:\xampp\htdocs\wiz\wp-content\plugins\wiz-quiz\ajax.php on line 20
[10-Dec-2024 11:27:51 UTC] PHP Warning:  Undefined variable $actual_ans in C:\xampp\htdocs\wiz\wp-content\plugins\wiz-quiz\ajax.php on line 20
[10-Dec-2024 11:28:34 UTC] PHP Warning:  Undefined array key "answers" in C:\xampp\htdocs\wiz\wp-content\plugins\wiz-quiz\ajax.php on line 209
[10-Dec-2024 11:28:34 UTC] PHP Warning:  Trying to access array offset on value of type null in C:\xampp\htdocs\wiz\wp-content\plugins\wiz-quiz\ajax.php on line 217
[10-Dec-2024 11:28:34 UTC] PHP Warning:  Trying to access array offset on value of type null in C:\xampp\htdocs\wiz\wp-content\plugins\wiz-quiz\ajax.php on line 217
[10-Dec-2024 11:28:34 UTC] PHP Deprecated:  trim(): Passing null to parameter #1 ($string) of type string is deprecated in C:\xampp\htdocs\wiz\wp-content\plugins\wiz-quiz\ajax.php on line 217
[10-Dec-2024 11:28:34 UTC] PHP Warning:  Trying to access array offset on value of type null in C:\xampp\htdocs\wiz\wp-content\plugins\wiz-quiz\ajax.php on line 217
[10-Dec-2024 11:28:34 UTC] PHP Warning:  Trying to access array offset on value of type null in C:\xampp\htdocs\wiz\wp-content\plugins\wiz-quiz\ajax.php on line 217
[10-Dec-2024 11:28:34 UTC] PHP Deprecated:  trim(): Passing null to parameter #1 ($string) of type string is deprecated in C:\xampp\htdocs\wiz\wp-content\plugins\wiz-quiz\ajax.php on line 217
[10-Dec-2024 11:28:34 UTC] PHP Warning:  Trying to access array offset on value of type null in C:\xampp\htdocs\wiz\wp-content\plugins\wiz-quiz\ajax.php on line 217
[10-Dec-2024 11:28:34 UTC] PHP Warning:  Trying to access array offset on value of type null in C:\xampp\htdocs\wiz\wp-content\plugins\wiz-quiz\ajax.php on line 217
[10-Dec-2024 11:28:34 UTC] PHP Deprecated:  trim(): Passing null to parameter #1 ($string) of type string is deprecated in C:\xampp\htdocs\wiz\wp-content\plugins\wiz-quiz\ajax.php on line 217
[10-Dec-2024 11:28:34 UTC] PHP Warning:  Trying to access array offset on value of type null in C:\xampp\htdocs\wiz\wp-content\plugins\wiz-quiz\ajax.php on line 217
[10-Dec-2024 11:28:34 UTC] PHP Warning:  Trying to access array offset on value of type null in C:\xampp\htdocs\wiz\wp-content\plugins\wiz-quiz\ajax.php on line 217
[10-Dec-2024 11:28:34 UTC] PHP Deprecated:  trim(): Passing null to parameter #1 ($string) of type string is deprecated in C:\xampp\htdocs\wiz\wp-content\plugins\wiz-quiz\ajax.php on line 217
[10-Dec-2024 11:28:34 UTC] PHP Warning:  Undefined array key "answers" in C:\xampp\htdocs\wiz\wp-content\plugins\wiz-quiz\ajax.php on line 224
[10-Dec-2024 11:28:37 UTC] PHP Warning:  Undefined variable $actual_ans in C:\xampp\htdocs\wiz\wp-content\plugins\wiz-quiz\ajax.php on line 20
[10-Dec-2024 11:31:37 UTC] 1733830297
[10-Dec-2024 11:31:37 UTC]  Verified Question Type: MCQ
[10-Dec-2024 11:31:37 UTC] MC Index: 0
[10-Dec-2024 11:31:37 UTC] MC Index: 1
[10-Dec-2024 11:31:37 UTC] MC Index: 2
[10-Dec-2024 11:31:37 UTC] MC Index: 3
[10-Dec-2024 11:31:37 UTC]  Verified Question Type: MCQ
[10-Dec-2024 11:31:37 UTC] MC Index: 0
[10-Dec-2024 11:31:37 UTC] MC Index: 1
[10-Dec-2024 11:31:37 UTC] MC Index: 2
[10-Dec-2024 11:31:37 UTC] MC Index: 3
[10-Dec-2024 11:31:37 UTC]  Verified Question Type: MCQ
[10-Dec-2024 11:31:37 UTC] MC Index: 0
[10-Dec-2024 11:31:37 UTC] MC Index: 1
[10-Dec-2024 11:31:37 UTC] MC Index: 2
[10-Dec-2024 11:31:37 UTC] MC Index: 3
[10-Dec-2024 11:31:37 UTC]  Verified Question Type: MCQ
[10-Dec-2024 11:31:37 UTC] MC Index: 0
[10-Dec-2024 11:31:37 UTC] MC Index: 1
[10-Dec-2024 11:31:37 UTC] MC Index: 2
[10-Dec-2024 11:31:37 UTC] MC Index: 3
[10-Dec-2024 11:31:37 UTC]  Verified Question Type: MCQ
[10-Dec-2024 11:31:37 UTC] MC Index: 0
[10-Dec-2024 11:31:37 UTC] MC Index: 1
[10-Dec-2024 11:31:37 UTC] MC Index: 2
[10-Dec-2024 11:31:37 UTC] MC Index: 3
[10-Dec-2024 11:31:37 UTC]  Verified Question Type: MCQ
[10-Dec-2024 11:31:37 UTC] MC Index: 0
[10-Dec-2024 11:31:37 UTC] MC Index: 1
[10-Dec-2024 11:31:37 UTC] MC Index: 2
[10-Dec-2024 11:31:37 UTC] MC Index: 3
[10-Dec-2024 11:31:37 UTC]  Verified Question Type: MCQ
[10-Dec-2024 11:31:37 UTC] MC Index: 0
[10-Dec-2024 11:31:37 UTC] MC Index: 1
[10-Dec-2024 11:31:37 UTC] MC Index: 2
[10-Dec-2024 11:31:37 UTC] MC Index: 3
[10-Dec-2024 11:31:37 UTC]  Verified Question Type: MCQ
[10-Dec-2024 11:31:37 UTC] MC Index: 0
[10-Dec-2024 11:31:37 UTC] MC Index: 1
[10-Dec-2024 11:31:37 UTC] MC Index: 2
[10-Dec-2024 11:31:37 UTC] MC Index: 3
[10-Dec-2024 11:31:37 UTC]  Verified Question Type: MCQ
[10-Dec-2024 11:31:37 UTC] MC Index: 0
[10-Dec-2024 11:31:37 UTC] MC Index: 1
[10-Dec-2024 11:31:37 UTC] MC Index: 2
[10-Dec-2024 11:31:37 UTC] MC Index: 3
[10-Dec-2024 11:31:37 UTC]  Verified Question Type: MCQ
[10-Dec-2024 11:31:37 UTC] MC Index: 0
[10-Dec-2024 11:31:37 UTC] MC Index: 1
[10-Dec-2024 11:31:37 UTC] MC Index: 2
[10-Dec-2024 11:31:37 UTC] MC Index: 3
[10-Dec-2024 11:31:37 UTC]  Verified Question Type: MCQ
[10-Dec-2024 11:31:37 UTC] MC Index: 0
[10-Dec-2024 11:31:37 UTC] MC Index: 1
[10-Dec-2024 11:31:37 UTC] MC Index: 2
[10-Dec-2024 11:31:37 UTC] MC Index: 3
[10-Dec-2024 11:31:37 UTC]  Verified Question Type: MCQ
[10-Dec-2024 11:31:37 UTC] MC Index: 0
[10-Dec-2024 11:31:37 UTC] MC Index: 1
[10-Dec-2024 11:31:37 UTC] MC Index: 2
[10-Dec-2024 11:31:37 UTC] MC Index: 3
[10-Dec-2024 11:31:37 UTC]  Verified Question Type: MCQ
[10-Dec-2024 11:31:37 UTC] MC Index: 0
[10-Dec-2024 11:31:37 UTC] MC Index: 1
[10-Dec-2024 11:31:37 UTC] MC Index: 2
[10-Dec-2024 11:31:37 UTC] MC Index: 3
[10-Dec-2024 11:31:37 UTC]  Verified Question Type: MCQ
[10-Dec-2024 11:31:37 UTC] MC Index: 0
[10-Dec-2024 11:31:37 UTC] MC Index: 1
[10-Dec-2024 11:31:37 UTC] MC Index: 2
[10-Dec-2024 11:31:37 UTC] MC Index: 3
[10-Dec-2024 11:31:37 UTC]  Verified Question Type: MCQ
[10-Dec-2024 11:31:37 UTC] MC Index: 0
[10-Dec-2024 11:31:37 UTC] MC Index: 1
[10-Dec-2024 11:31:37 UTC] MC Index: 2
[10-Dec-2024 11:31:37 UTC] MC Index: 3
[10-Dec-2024 11:31:37 UTC]  Verified Question Type: MCQ
[10-Dec-2024 11:31:37 UTC] MC Index: 0
[10-Dec-2024 11:31:37 UTC] MC Index: 1
[10-Dec-2024 11:31:37 UTC] MC Index: 2
[10-Dec-2024 11:31:37 UTC] MC Index: 3
[10-Dec-2024 11:32:13 UTC] 1733830333
[10-Dec-2024 11:32:13 UTC]  Verified Question Type: MCQ
[10-Dec-2024 11:32:13 UTC] MC Index: 0
[10-Dec-2024 11:32:13 UTC] MC Index: 1
[10-Dec-2024 11:32:13 UTC] MC Index: 2
[10-Dec-2024 11:32:13 UTC] MC Index: 3
[10-Dec-2024 11:32:13 UTC]  Verified Question Type: MCQ
[10-Dec-2024 11:32:13 UTC] MC Index: 0
[10-Dec-2024 11:32:13 UTC] MC Index: 1
[10-Dec-2024 11:32:13 UTC] MC Index: 2
[10-Dec-2024 11:32:13 UTC] MC Index: 3
[10-Dec-2024 11:32:13 UTC]  Verified Question Type: MCQ
[10-Dec-2024 11:32:13 UTC] MC Index: 0
[10-Dec-2024 11:32:13 UTC] MC Index: 1
[10-Dec-2024 11:32:13 UTC] MC Index: 2
[10-Dec-2024 11:32:13 UTC] MC Index: 3
[10-Dec-2024 11:32:13 UTC]  Verified Question Type: MCQ
[10-Dec-2024 11:32:13 UTC] MC Index: 0
[10-Dec-2024 11:32:13 UTC] MC Index: 1
[10-Dec-2024 11:32:13 UTC] MC Index: 2
[10-Dec-2024 11:32:13 UTC] MC Index: 3
[10-Dec-2024 11:32:13 UTC]  Verified Question Type: MCQ
[10-Dec-2024 11:32:13 UTC] MC Index: 0
[10-Dec-2024 11:32:13 UTC] MC Index: 1
[10-Dec-2024 11:32:13 UTC] MC Index: 2
[10-Dec-2024 11:32:13 UTC] MC Index: 3
[10-Dec-2024 11:32:13 UTC]  Verified Question Type: MCQ
[10-Dec-2024 11:32:13 UTC] MC Index: 0
[10-Dec-2024 11:32:13 UTC] MC Index: 1
[10-Dec-2024 11:32:13 UTC] MC Index: 2
[10-Dec-2024 11:32:13 UTC] MC Index: 3
[10-Dec-2024 11:32:13 UTC]  Verified Question Type: MCQ
[10-Dec-2024 11:32:13 UTC] MC Index: 0
[10-Dec-2024 11:32:13 UTC] MC Index: 1
[10-Dec-2024 11:32:13 UTC] MC Index: 2
[10-Dec-2024 11:32:13 UTC] MC Index: 3
[10-Dec-2024 11:32:13 UTC]  Verified Question Type: MCQ
[10-Dec-2024 11:32:13 UTC] MC Index: 0
[10-Dec-2024 11:32:13 UTC] MC Index: 1
[10-Dec-2024 11:32:13 UTC] MC Index: 2
[10-Dec-2024 11:32:13 UTC] MC Index: 3
[10-Dec-2024 11:32:13 UTC]  Verified Question Type: MCQ
[10-Dec-2024 11:32:13 UTC] MC Index: 0
[10-Dec-2024 11:32:13 UTC] MC Index: 1
[10-Dec-2024 11:32:13 UTC] MC Index: 2
[10-Dec-2024 11:32:13 UTC] MC Index: 3
[10-Dec-2024 11:32:13 UTC]  Verified Question Type: MCQ
[10-Dec-2024 11:32:13 UTC] MC Index: 0
[10-Dec-2024 11:32:13 UTC] MC Index: 1
[10-Dec-2024 11:32:13 UTC] MC Index: 2
[10-Dec-2024 11:32:13 UTC] MC Index: 3
[10-Dec-2024 11:32:13 UTC]  Verified Question Type: MCQ
[10-Dec-2024 11:32:13 UTC] MC Index: 0
[10-Dec-2024 11:32:13 UTC] MC Index: 1
[10-Dec-2024 11:32:13 UTC] MC Index: 2
[10-Dec-2024 11:32:13 UTC] MC Index: 3
[10-Dec-2024 11:32:13 UTC]  Verified Question Type: MCQ
[10-Dec-2024 11:32:13 UTC] MC Index: 0
[10-Dec-2024 11:32:13 UTC] MC Index: 1
[10-Dec-2024 11:32:13 UTC] MC Index: 2
[10-Dec-2024 11:32:13 UTC] MC Index: 3
[10-Dec-2024 11:32:13 UTC]  Verified Question Type: MCQ
[10-Dec-2024 11:32:13 UTC] MC Index: 0
[10-Dec-2024 11:32:13 UTC] MC Index: 1
[10-Dec-2024 11:32:13 UTC] MC Index: 2
[10-Dec-2024 11:32:13 UTC] MC Index: 3
[10-Dec-2024 11:32:13 UTC]  Verified Question Type: MCQ
[10-Dec-2024 11:32:13 UTC] MC Index: 0
[10-Dec-2024 11:32:13 UTC] MC Index: 1
[10-Dec-2024 11:32:13 UTC] MC Index: 2
[10-Dec-2024 11:32:13 UTC] MC Index: 3
[10-Dec-2024 11:32:13 UTC]  Verified Question Type: MCQ
[10-Dec-2024 11:32:13 UTC] MC Index: 0
[10-Dec-2024 11:32:13 UTC] MC Index: 1
[10-Dec-2024 11:32:13 UTC] MC Index: 2
[10-Dec-2024 11:32:13 UTC] MC Index: 3
[10-Dec-2024 11:32:13 UTC]  Verified Question Type: MCQ
[10-Dec-2024 11:32:13 UTC] MC Index: 0
[10-Dec-2024 11:32:13 UTC] MC Index: 1
[10-Dec-2024 11:32:13 UTC] MC Index: 2
[10-Dec-2024 11:32:13 UTC] MC Index: 3
[10-Dec-2024 11:32:45 UTC] 1733830365
[10-Dec-2024 11:32:46 UTC]  Verified Question Type: MCQ
[10-Dec-2024 11:32:46 UTC] MC Index: 0
[10-Dec-2024 11:32:46 UTC] MC Index: 1
[10-Dec-2024 11:32:46 UTC] MC Index: 2
[10-Dec-2024 11:32:46 UTC] MC Index: 3
[10-Dec-2024 11:32:46 UTC]  Verified Question Type: MCQ
[10-Dec-2024 11:32:46 UTC] MC Index: 0
[10-Dec-2024 11:32:46 UTC] MC Index: 1
[10-Dec-2024 11:32:46 UTC] MC Index: 2
[10-Dec-2024 11:32:46 UTC] MC Index: 3
[10-Dec-2024 11:32:46 UTC]  Verified Question Type: MCQ
[10-Dec-2024 11:32:46 UTC] MC Index: 0
[10-Dec-2024 11:32:46 UTC] MC Index: 1
[10-Dec-2024 11:32:46 UTC] MC Index: 2
[10-Dec-2024 11:32:46 UTC] MC Index: 3
[10-Dec-2024 11:32:46 UTC]  Verified Question Type: MCQ
[10-Dec-2024 11:32:46 UTC] MC Index: 0
[10-Dec-2024 11:32:46 UTC] MC Index: 1
[10-Dec-2024 11:32:46 UTC] MC Index: 2
[10-Dec-2024 11:32:46 UTC] MC Index: 3
[10-Dec-2024 11:32:46 UTC]  Verified Question Type: MCQ
[10-Dec-2024 11:32:46 UTC] MC Index: 0
[10-Dec-2024 11:32:46 UTC] MC Index: 1
[10-Dec-2024 11:32:46 UTC] MC Index: 2
[10-Dec-2024 11:32:46 UTC] MC Index: 3
[10-Dec-2024 11:32:46 UTC]  Verified Question Type: MCQ
[10-Dec-2024 11:32:46 UTC] MC Index: 0
[10-Dec-2024 11:32:46 UTC] MC Index: 1
[10-Dec-2024 11:32:46 UTC] MC Index: 2
[10-Dec-2024 11:32:46 UTC] MC Index: 3
[10-Dec-2024 11:32:46 UTC]  Verified Question Type: MCQ
[10-Dec-2024 11:32:46 UTC] MC Index: 0
[10-Dec-2024 11:32:46 UTC] MC Index: 1
[10-Dec-2024 11:32:46 UTC] MC Index: 2
[10-Dec-2024 11:32:46 UTC] MC Index: 3
[10-Dec-2024 11:32:46 UTC]  Verified Question Type: MCQ
[10-Dec-2024 11:32:46 UTC] MC Index: 0
[10-Dec-2024 11:32:46 UTC] MC Index: 1
[10-Dec-2024 11:32:46 UTC] MC Index: 2
[10-Dec-2024 11:32:46 UTC] MC Index: 3
[10-Dec-2024 11:32:46 UTC]  Verified Question Type: MCQ
[10-Dec-2024 11:32:46 UTC] MC Index: 0
[10-Dec-2024 11:32:46 UTC] MC Index: 1
[10-Dec-2024 11:32:46 UTC] MC Index: 2
[10-Dec-2024 11:32:46 UTC] MC Index: 3
[10-Dec-2024 11:32:46 UTC]  Verified Question Type: MCQ
[10-Dec-2024 11:32:46 UTC] MC Index: 0
[10-Dec-2024 11:32:46 UTC] MC Index: 1
[10-Dec-2024 11:32:46 UTC] MC Index: 2
[10-Dec-2024 11:32:46 UTC] MC Index: 3
[10-Dec-2024 11:32:46 UTC]  Verified Question Type: MCQ
[10-Dec-2024 11:32:46 UTC] MC Index: 0
[10-Dec-2024 11:32:46 UTC] MC Index: 1
[10-Dec-2024 11:32:46 UTC] MC Index: 2
[10-Dec-2024 11:32:46 UTC] MC Index: 3
[10-Dec-2024 11:32:46 UTC]  Verified Question Type: MCQ
[10-Dec-2024 11:32:46 UTC] MC Index: 0
[10-Dec-2024 11:32:46 UTC] MC Index: 1
[10-Dec-2024 11:32:46 UTC] MC Index: 2
[10-Dec-2024 11:32:46 UTC] MC Index: 3
[10-Dec-2024 11:32:46 UTC]  Verified Question Type: MCQ
[10-Dec-2024 11:32:46 UTC] MC Index: 0
[10-Dec-2024 11:32:46 UTC] MC Index: 1
[10-Dec-2024 11:32:46 UTC] MC Index: 2
[10-Dec-2024 11:32:46 UTC] MC Index: 3
[10-Dec-2024 11:32:46 UTC]  Verified Question Type: MCQ
[10-Dec-2024 11:32:46 UTC] MC Index: 0
[10-Dec-2024 11:32:46 UTC] MC Index: 1
[10-Dec-2024 11:32:46 UTC] MC Index: 2
[10-Dec-2024 11:32:46 UTC] MC Index: 3
[10-Dec-2024 11:32:46 UTC]  Verified Question Type: MCQ
[10-Dec-2024 11:32:46 UTC] MC Index: 0
[10-Dec-2024 11:32:46 UTC] MC Index: 1
[10-Dec-2024 11:32:46 UTC] MC Index: 2
[10-Dec-2024 11:32:46 UTC] MC Index: 3
[10-Dec-2024 11:32:46 UTC]  Verified Question Type: MCQ
[10-Dec-2024 11:32:46 UTC] MC Index: 0
[10-Dec-2024 11:32:46 UTC] MC Index: 1
[10-Dec-2024 11:32:46 UTC] MC Index: 2
[10-Dec-2024 11:32:46 UTC] MC Index: 3
[10-Dec-2024 11:32:53 UTC] 1733830373
[10-Dec-2024 11:32:54 UTC]  Verified Question Type: MCQ
[10-Dec-2024 11:32:54 UTC] MC Index: 0
[10-Dec-2024 11:32:54 UTC] MC Index: 1
[10-Dec-2024 11:32:54 UTC] MC Index: 2
[10-Dec-2024 11:32:54 UTC] MC Index: 3
[10-Dec-2024 11:32:54 UTC]  Verified Question Type: MCQ
[10-Dec-2024 11:32:54 UTC] MC Index: 0
[10-Dec-2024 11:32:54 UTC] MC Index: 1
[10-Dec-2024 11:32:54 UTC] MC Index: 2
[10-Dec-2024 11:32:54 UTC] MC Index: 3
[10-Dec-2024 11:32:54 UTC]  Verified Question Type: MCQ
[10-Dec-2024 11:32:54 UTC] MC Index: 0
[10-Dec-2024 11:32:54 UTC] MC Index: 1
[10-Dec-2024 11:32:54 UTC] MC Index: 2
[10-Dec-2024 11:32:54 UTC] MC Index: 3
[10-Dec-2024 11:32:54 UTC]  Verified Question Type: MCQ
[10-Dec-2024 11:32:54 UTC] MC Index: 0
[10-Dec-2024 11:32:54 UTC] MC Index: 1
[10-Dec-2024 11:32:54 UTC] MC Index: 2
[10-Dec-2024 11:32:54 UTC] MC Index: 3
[10-Dec-2024 11:32:54 UTC]  Verified Question Type: MCQ
[10-Dec-2024 11:32:54 UTC] MC Index: 0
[10-Dec-2024 11:32:54 UTC] MC Index: 1
[10-Dec-2024 11:32:54 UTC] MC Index: 2
[10-Dec-2024 11:32:54 UTC] MC Index: 3
[10-Dec-2024 11:32:54 UTC]  Verified Question Type: MCQ
[10-Dec-2024 11:32:54 UTC] MC Index: 0
[10-Dec-2024 11:32:54 UTC] MC Index: 1
[10-Dec-2024 11:32:54 UTC] MC Index: 2
[10-Dec-2024 11:32:54 UTC] MC Index: 3
[10-Dec-2024 11:32:54 UTC]  Verified Question Type: MCQ
[10-Dec-2024 11:32:54 UTC] MC Index: 0
[10-Dec-2024 11:32:54 UTC] MC Index: 1
[10-Dec-2024 11:32:54 UTC] MC Index: 2
[10-Dec-2024 11:32:54 UTC] MC Index: 3
[10-Dec-2024 11:32:54 UTC]  Verified Question Type: MCQ
[10-Dec-2024 11:32:54 UTC] MC Index: 0
[10-Dec-2024 11:32:54 UTC] MC Index: 1
[10-Dec-2024 11:32:54 UTC] MC Index: 2
[10-Dec-2024 11:32:54 UTC] MC Index: 3
[10-Dec-2024 11:32:54 UTC]  Verified Question Type: MCQ
[10-Dec-2024 11:32:54 UTC] MC Index: 0
[10-Dec-2024 11:32:54 UTC] MC Index: 1
[10-Dec-2024 11:32:54 UTC] MC Index: 2
[10-Dec-2024 11:32:54 UTC] MC Index: 3
[10-Dec-2024 11:32:54 UTC]  Verified Question Type: MCQ
[10-Dec-2024 11:32:54 UTC] MC Index: 0
[10-Dec-2024 11:32:54 UTC] MC Index: 1
[10-Dec-2024 11:32:54 UTC] MC Index: 2
[10-Dec-2024 11:32:54 UTC] MC Index: 3
[10-Dec-2024 11:32:54 UTC]  Verified Question Type: MCQ
[10-Dec-2024 11:32:54 UTC] MC Index: 0
[10-Dec-2024 11:32:54 UTC] MC Index: 1
[10-Dec-2024 11:32:54 UTC] MC Index: 2
[10-Dec-2024 11:32:54 UTC] MC Index: 3
[10-Dec-2024 11:32:54 UTC]  Verified Question Type: MCQ
[10-Dec-2024 11:32:54 UTC] MC Index: 0
[10-Dec-2024 11:32:54 UTC] MC Index: 1
[10-Dec-2024 11:32:54 UTC] MC Index: 2
[10-Dec-2024 11:32:54 UTC] MC Index: 3
[10-Dec-2024 11:32:54 UTC]  Verified Question Type: MCQ
[10-Dec-2024 11:32:54 UTC] MC Index: 0
[10-Dec-2024 11:32:54 UTC] MC Index: 1
[10-Dec-2024 11:32:54 UTC] MC Index: 2
[10-Dec-2024 11:32:54 UTC] MC Index: 3
[10-Dec-2024 11:32:54 UTC]  Verified Question Type: MCQ
[10-Dec-2024 11:32:54 UTC] MC Index: 0
[10-Dec-2024 11:32:54 UTC] MC Index: 1
[10-Dec-2024 11:32:54 UTC] MC Index: 2
[10-Dec-2024 11:32:54 UTC] MC Index: 3
[10-Dec-2024 11:32:54 UTC]  Verified Question Type: MCQ
[10-Dec-2024 11:32:54 UTC] MC Index: 0
[10-Dec-2024 11:32:54 UTC] MC Index: 1
[10-Dec-2024 11:32:54 UTC] MC Index: 2
[10-Dec-2024 11:32:54 UTC] MC Index: 3
[10-Dec-2024 11:32:54 UTC]  Verified Question Type: MCQ
[10-Dec-2024 11:32:54 UTC] MC Index: 0
[10-Dec-2024 11:32:54 UTC] MC Index: 1
[10-Dec-2024 11:32:54 UTC] MC Index: 2
[10-Dec-2024 11:32:54 UTC] MC Index: 3
[10-Dec-2024 11:33:42 UTC] 1733830422
[10-Dec-2024 11:33:42 UTC]  Verified Question Type: MCQ
[10-Dec-2024 11:33:42 UTC] MC Index: 0
[10-Dec-2024 11:33:42 UTC] MC Index: 1
[10-Dec-2024 11:33:42 UTC] MC Index: 2
[10-Dec-2024 11:33:42 UTC] MC Index: 3
[10-Dec-2024 11:33:42 UTC]  Verified Question Type: MCQ
[10-Dec-2024 11:33:42 UTC] MC Index: 0
[10-Dec-2024 11:33:42 UTC] MC Index: 1
[10-Dec-2024 11:33:42 UTC] MC Index: 2
[10-Dec-2024 11:33:42 UTC] MC Index: 3
[10-Dec-2024 11:33:42 UTC]  Verified Question Type: MCQ
[10-Dec-2024 11:33:42 UTC] MC Index: 0
[10-Dec-2024 11:33:42 UTC] MC Index: 1
[10-Dec-2024 11:33:42 UTC] MC Index: 2
[10-Dec-2024 11:33:42 UTC] MC Index: 3
[10-Dec-2024 11:33:42 UTC]  Verified Question Type: MCQ
[10-Dec-2024 11:33:42 UTC] MC Index: 0
[10-Dec-2024 11:33:42 UTC] MC Index: 1
[10-Dec-2024 11:33:42 UTC] MC Index: 2
[10-Dec-2024 11:33:42 UTC] MC Index: 3
[10-Dec-2024 11:33:42 UTC]  Verified Question Type: MCQ
[10-Dec-2024 11:33:42 UTC] MC Index: 0
[10-Dec-2024 11:33:42 UTC] MC Index: 1
[10-Dec-2024 11:33:42 UTC] MC Index: 2
[10-Dec-2024 11:33:42 UTC] MC Index: 3
[10-Dec-2024 11:33:42 UTC]  Verified Question Type: MCQ
[10-Dec-2024 11:33:42 UTC] MC Index: 0
[10-Dec-2024 11:33:42 UTC] MC Index: 1
[10-Dec-2024 11:33:42 UTC] MC Index: 2
[10-Dec-2024 11:33:42 UTC] MC Index: 3
[10-Dec-2024 11:33:42 UTC]  Verified Question Type: MCQ
[10-Dec-2024 11:33:42 UTC] MC Index: 0
[10-Dec-2024 11:33:42 UTC] MC Index: 1
[10-Dec-2024 11:33:42 UTC] MC Index: 2
[10-Dec-2024 11:33:42 UTC] MC Index: 3
[10-Dec-2024 11:33:42 UTC]  Verified Question Type: MCQ
[10-Dec-2024 11:33:42 UTC] MC Index: 0
[10-Dec-2024 11:33:42 UTC] MC Index: 1
[10-Dec-2024 11:33:42 UTC] MC Index: 2
[10-Dec-2024 11:33:42 UTC] MC Index: 3
[10-Dec-2024 11:33:42 UTC]  Verified Question Type: MCQ
[10-Dec-2024 11:33:42 UTC] MC Index: 0
[10-Dec-2024 11:33:42 UTC] MC Index: 1
[10-Dec-2024 11:33:42 UTC] MC Index: 2
[10-Dec-2024 11:33:42 UTC] MC Index: 3
[10-Dec-2024 11:33:42 UTC]  Verified Question Type: MCQ
[10-Dec-2024 11:33:42 UTC] MC Index: 0
[10-Dec-2024 11:33:42 UTC] MC Index: 1
[10-Dec-2024 11:33:42 UTC] MC Index: 2
[10-Dec-2024 11:33:42 UTC] MC Index: 3
[10-Dec-2024 11:33:42 UTC]  Verified Question Type: MCQ
[10-Dec-2024 11:33:42 UTC] MC Index: 0
[10-Dec-2024 11:33:42 UTC] MC Index: 1
[10-Dec-2024 11:33:42 UTC] MC Index: 2
[10-Dec-2024 11:33:42 UTC] MC Index: 3
[10-Dec-2024 11:33:42 UTC]  Verified Question Type: MCQ
[10-Dec-2024 11:33:42 UTC] MC Index: 0
[10-Dec-2024 11:33:42 UTC] MC Index: 1
[10-Dec-2024 11:33:42 UTC] MC Index: 2
[10-Dec-2024 11:33:42 UTC] MC Index: 3
[10-Dec-2024 11:33:42 UTC]  Verified Question Type: MCQ
[10-Dec-2024 11:33:42 UTC] MC Index: 0
[10-Dec-2024 11:33:42 UTC] MC Index: 1
[10-Dec-2024 11:33:42 UTC] MC Index: 2
[10-Dec-2024 11:33:42 UTC] MC Index: 3
[10-Dec-2024 11:33:42 UTC]  Verified Question Type: MCQ
[10-Dec-2024 11:33:42 UTC] MC Index: 0
[10-Dec-2024 11:33:42 UTC] MC Index: 1
[10-Dec-2024 11:33:42 UTC] MC Index: 2
[10-Dec-2024 11:33:42 UTC] MC Index: 3
[10-Dec-2024 11:33:42 UTC]  Verified Question Type: MCQ
[10-Dec-2024 11:33:42 UTC] MC Index: 0
[10-Dec-2024 11:33:42 UTC] MC Index: 1
[10-Dec-2024 11:33:42 UTC] MC Index: 2
[10-Dec-2024 11:33:42 UTC] MC Index: 3
[10-Dec-2024 11:33:42 UTC]  Verified Question Type: MCQ
[10-Dec-2024 11:33:42 UTC] MC Index: 0
[10-Dec-2024 11:33:42 UTC] MC Index: 1
[10-Dec-2024 11:33:42 UTC] MC Index: 2
[10-Dec-2024 11:33:42 UTC] MC Index: 3
[10-Dec-2024 11:34:07 UTC] 1733830447
[10-Dec-2024 11:34:07 UTC]  Verified Question Type: MCQ
[10-Dec-2024 11:34:07 UTC] MC Index: 0
[10-Dec-2024 11:34:07 UTC] MC Index: 1
[10-Dec-2024 11:34:07 UTC] MC Index: 2
[10-Dec-2024 11:34:07 UTC] MC Index: 3
[10-Dec-2024 11:34:07 UTC]  Verified Question Type: MCQ
[10-Dec-2024 11:34:07 UTC] MC Index: 0
[10-Dec-2024 11:34:07 UTC] MC Index: 1
[10-Dec-2024 11:34:07 UTC] MC Index: 2
[10-Dec-2024 11:34:07 UTC] MC Index: 3
[10-Dec-2024 11:34:07 UTC]  Verified Question Type: MCQ
[10-Dec-2024 11:34:07 UTC] MC Index: 0
[10-Dec-2024 11:34:07 UTC] MC Index: 1
[10-Dec-2024 11:34:07 UTC] MC Index: 2
[10-Dec-2024 11:34:07 UTC] MC Index: 3
[10-Dec-2024 11:34:07 UTC]  Verified Question Type: MCQ
[10-Dec-2024 11:34:07 UTC] MC Index: 0
[10-Dec-2024 11:34:07 UTC] MC Index: 1
[10-Dec-2024 11:34:07 UTC] MC Index: 2
[10-Dec-2024 11:34:07 UTC] MC Index: 3
[10-Dec-2024 11:34:07 UTC]  Verified Question Type: MCQ
[10-Dec-2024 11:34:07 UTC] MC Index: 0
[10-Dec-2024 11:34:07 UTC] MC Index: 1
[10-Dec-2024 11:34:07 UTC] MC Index: 2
[10-Dec-2024 11:34:07 UTC] MC Index: 3
[10-Dec-2024 11:34:07 UTC]  Verified Question Type: MCQ
[10-Dec-2024 11:34:07 UTC] MC Index: 0
[10-Dec-2024 11:34:07 UTC] MC Index: 1
[10-Dec-2024 11:34:07 UTC] MC Index: 2
[10-Dec-2024 11:34:07 UTC] MC Index: 3
[10-Dec-2024 11:34:07 UTC]  Verified Question Type: MCQ
[10-Dec-2024 11:34:07 UTC] MC Index: 0
[10-Dec-2024 11:34:07 UTC] MC Index: 1
[10-Dec-2024 11:34:07 UTC] MC Index: 2
[10-Dec-2024 11:34:07 UTC] MC Index: 3
[10-Dec-2024 11:34:07 UTC]  Verified Question Type: MCQ
[10-Dec-2024 11:34:07 UTC] MC Index: 0
[10-Dec-2024 11:34:07 UTC] MC Index: 1
[10-Dec-2024 11:34:07 UTC] MC Index: 2
[10-Dec-2024 11:34:07 UTC] MC Index: 3
[10-Dec-2024 11:34:07 UTC]  Verified Question Type: MCQ
[10-Dec-2024 11:34:07 UTC] MC Index: 0
[10-Dec-2024 11:34:07 UTC] MC Index: 1
[10-Dec-2024 11:34:07 UTC] MC Index: 2
[10-Dec-2024 11:34:07 UTC] MC Index: 3
[10-Dec-2024 11:34:07 UTC]  Verified Question Type: MCQ
[10-Dec-2024 11:34:07 UTC] MC Index: 0
[10-Dec-2024 11:34:07 UTC] MC Index: 1
[10-Dec-2024 11:34:07 UTC] MC Index: 2
[10-Dec-2024 11:34:07 UTC] MC Index: 3
[10-Dec-2024 11:34:07 UTC]  Verified Question Type: MCQ
[10-Dec-2024 11:34:07 UTC] MC Index: 0
[10-Dec-2024 11:34:07 UTC] MC Index: 1
[10-Dec-2024 11:34:07 UTC] MC Index: 2
[10-Dec-2024 11:34:07 UTC] MC Index: 3
[10-Dec-2024 11:34:07 UTC]  Verified Question Type: MCQ
[10-Dec-2024 11:34:07 UTC] MC Index: 0
[10-Dec-2024 11:34:07 UTC] MC Index: 1
[10-Dec-2024 11:34:07 UTC] MC Index: 2
[10-Dec-2024 11:34:07 UTC] MC Index: 3
[10-Dec-2024 11:34:07 UTC]  Verified Question Type: MCQ
[10-Dec-2024 11:34:07 UTC] MC Index: 0
[10-Dec-2024 11:34:07 UTC] MC Index: 1
[10-Dec-2024 11:34:07 UTC] MC Index: 2
[10-Dec-2024 11:34:07 UTC] MC Index: 3
[10-Dec-2024 11:34:07 UTC]  Verified Question Type: MCQ
[10-Dec-2024 11:34:07 UTC] MC Index: 0
[10-Dec-2024 11:34:07 UTC] MC Index: 1
[10-Dec-2024 11:34:07 UTC] MC Index: 2
[10-Dec-2024 11:34:07 UTC] MC Index: 3
[10-Dec-2024 11:34:07 UTC]  Verified Question Type: MCQ
[10-Dec-2024 11:34:07 UTC] MC Index: 0
[10-Dec-2024 11:34:07 UTC] MC Index: 1
[10-Dec-2024 11:34:07 UTC] MC Index: 2
[10-Dec-2024 11:34:07 UTC] MC Index: 3
[10-Dec-2024 11:34:07 UTC]  Verified Question Type: MCQ
[10-Dec-2024 11:34:07 UTC] MC Index: 0
[10-Dec-2024 11:34:07 UTC] MC Index: 1
[10-Dec-2024 11:34:07 UTC] MC Index: 2
[10-Dec-2024 11:34:07 UTC] MC Index: 3
[10-Dec-2024 11:34:54 UTC] 1733830494
[10-Dec-2024 11:34:54 UTC]  Verified Question Type: MCQ
[10-Dec-2024 11:34:54 UTC] MC Index: 0
[10-Dec-2024 11:34:54 UTC] MC Index: 1
[10-Dec-2024 11:34:54 UTC] MC Index: 2
[10-Dec-2024 11:34:54 UTC] MC Index: 3
[10-Dec-2024 11:34:54 UTC]  Verified Question Type: MCQ
[10-Dec-2024 11:34:54 UTC] MC Index: 0
[10-Dec-2024 11:34:54 UTC] MC Index: 1
[10-Dec-2024 11:34:54 UTC] MC Index: 2
[10-Dec-2024 11:34:54 UTC] MC Index: 3
[10-Dec-2024 11:34:54 UTC]  Verified Question Type: MCQ
[10-Dec-2024 11:34:54 UTC] MC Index: 0
[10-Dec-2024 11:34:54 UTC] MC Index: 1
[10-Dec-2024 11:34:54 UTC] MC Index: 2
[10-Dec-2024 11:34:54 UTC] MC Index: 3
[10-Dec-2024 11:34:54 UTC]  Verified Question Type: MCQ
[10-Dec-2024 11:34:54 UTC] MC Index: 0
[10-Dec-2024 11:34:54 UTC] MC Index: 1
[10-Dec-2024 11:34:54 UTC] MC Index: 2
[10-Dec-2024 11:34:54 UTC] MC Index: 3
[10-Dec-2024 11:34:54 UTC]  Verified Question Type: MCQ
[10-Dec-2024 11:34:54 UTC] MC Index: 0
[10-Dec-2024 11:34:54 UTC] MC Index: 1
[10-Dec-2024 11:34:54 UTC] MC Index: 2
[10-Dec-2024 11:34:54 UTC] MC Index: 3
[10-Dec-2024 11:34:54 UTC]  Verified Question Type: MCQ
[10-Dec-2024 11:34:54 UTC] MC Index: 0
[10-Dec-2024 11:34:54 UTC] MC Index: 1
[10-Dec-2024 11:34:54 UTC] MC Index: 2
[10-Dec-2024 11:34:54 UTC] MC Index: 3
[10-Dec-2024 11:34:54 UTC]  Verified Question Type: MCQ
[10-Dec-2024 11:34:54 UTC] MC Index: 0
[10-Dec-2024 11:34:54 UTC] MC Index: 1
[10-Dec-2024 11:34:54 UTC] MC Index: 2
[10-Dec-2024 11:34:54 UTC] MC Index: 3
[10-Dec-2024 11:34:54 UTC]  Verified Question Type: MCQ
[10-Dec-2024 11:34:54 UTC] MC Index: 0
[10-Dec-2024 11:34:54 UTC] MC Index: 1
[10-Dec-2024 11:34:54 UTC] MC Index: 2
[10-Dec-2024 11:34:54 UTC] MC Index: 3
[10-Dec-2024 11:34:54 UTC]  Verified Question Type: MCQ
[10-Dec-2024 11:34:54 UTC] MC Index: 0
[10-Dec-2024 11:34:54 UTC] MC Index: 1
[10-Dec-2024 11:34:54 UTC] MC Index: 2
[10-Dec-2024 11:34:54 UTC] MC Index: 3
[10-Dec-2024 11:34:54 UTC]  Verified Question Type: MCQ
[10-Dec-2024 11:34:54 UTC] MC Index: 0
[10-Dec-2024 11:34:54 UTC] MC Index: 1
[10-Dec-2024 11:34:54 UTC] MC Index: 2
[10-Dec-2024 11:34:54 UTC] MC Index: 3
[10-Dec-2024 11:34:54 UTC]  Verified Question Type: MCQ
[10-Dec-2024 11:34:54 UTC] MC Index: 0
[10-Dec-2024 11:34:54 UTC] MC Index: 1
[10-Dec-2024 11:34:54 UTC] MC Index: 2
[10-Dec-2024 11:34:54 UTC] MC Index: 3
[10-Dec-2024 11:34:54 UTC]  Verified Question Type: MCQ
[10-Dec-2024 11:34:54 UTC] MC Index: 0
[10-Dec-2024 11:34:54 UTC] MC Index: 1
[10-Dec-2024 11:34:54 UTC] MC Index: 2
[10-Dec-2024 11:34:54 UTC] MC Index: 3
[10-Dec-2024 11:34:54 UTC]  Verified Question Type: MCQ
[10-Dec-2024 11:34:54 UTC] MC Index: 0
[10-Dec-2024 11:34:54 UTC] MC Index: 1
[10-Dec-2024 11:34:54 UTC] MC Index: 2
[10-Dec-2024 11:34:54 UTC] MC Index: 3
[10-Dec-2024 11:34:54 UTC]  Verified Question Type: MCQ
[10-Dec-2024 11:34:54 UTC] MC Index: 0
[10-Dec-2024 11:34:54 UTC] MC Index: 1
[10-Dec-2024 11:34:54 UTC] MC Index: 2
[10-Dec-2024 11:34:54 UTC] MC Index: 3
[10-Dec-2024 11:34:54 UTC]  Verified Question Type: MCQ
[10-Dec-2024 11:34:54 UTC] MC Index: 0
[10-Dec-2024 11:34:54 UTC] MC Index: 1
[10-Dec-2024 11:34:54 UTC] MC Index: 2
[10-Dec-2024 11:34:54 UTC] MC Index: 3
[10-Dec-2024 11:34:54 UTC]  Verified Question Type: MCQ
[10-Dec-2024 11:34:54 UTC] MC Index: 0
[10-Dec-2024 11:34:54 UTC] MC Index: 1
[10-Dec-2024 11:34:54 UTC] MC Index: 2
[10-Dec-2024 11:34:54 UTC] MC Index: 3
[10-Dec-2024 11:36:16 UTC] 1733830576
[10-Dec-2024 11:36:16 UTC]  Verified Question Type: MCQ
[10-Dec-2024 11:36:16 UTC] MC Index: 0
[10-Dec-2024 11:36:16 UTC] MC Index: 1
[10-Dec-2024 11:36:16 UTC] MC Index: 2
[10-Dec-2024 11:36:16 UTC] MC Index: 3
[10-Dec-2024 11:36:16 UTC]  Verified Question Type: MCQ
[10-Dec-2024 11:36:16 UTC] MC Index: 0
[10-Dec-2024 11:36:16 UTC] MC Index: 1
[10-Dec-2024 11:36:16 UTC] MC Index: 2
[10-Dec-2024 11:36:16 UTC] MC Index: 3
[10-Dec-2024 11:36:16 UTC]  Verified Question Type: MCQ
[10-Dec-2024 11:36:16 UTC] MC Index: 0
[10-Dec-2024 11:36:16 UTC] MC Index: 1
[10-Dec-2024 11:36:16 UTC] MC Index: 2
[10-Dec-2024 11:36:16 UTC] MC Index: 3
[10-Dec-2024 11:36:16 UTC]  Verified Question Type: MCQ
[10-Dec-2024 11:36:16 UTC] MC Index: 0
[10-Dec-2024 11:36:16 UTC] MC Index: 1
[10-Dec-2024 11:36:16 UTC] MC Index: 2
[10-Dec-2024 11:36:16 UTC] MC Index: 3
[10-Dec-2024 11:36:16 UTC]  Verified Question Type: MCQ
[10-Dec-2024 11:36:16 UTC] MC Index: 0
[10-Dec-2024 11:36:16 UTC] MC Index: 1
[10-Dec-2024 11:36:16 UTC] MC Index: 2
[10-Dec-2024 11:36:16 UTC] MC Index: 3
[10-Dec-2024 11:36:16 UTC]  Verified Question Type: MCQ
[10-Dec-2024 11:36:16 UTC] MC Index: 0
[10-Dec-2024 11:36:16 UTC] MC Index: 1
[10-Dec-2024 11:36:16 UTC] MC Index: 2
[10-Dec-2024 11:36:16 UTC] MC Index: 3
[10-Dec-2024 11:36:16 UTC]  Verified Question Type: MCQ
[10-Dec-2024 11:36:16 UTC] MC Index: 0
[10-Dec-2024 11:36:16 UTC] MC Index: 1
[10-Dec-2024 11:36:16 UTC] MC Index: 2
[10-Dec-2024 11:36:16 UTC] MC Index: 3
[10-Dec-2024 11:36:16 UTC]  Verified Question Type: MCQ
[10-Dec-2024 11:36:16 UTC] MC Index: 0
[10-Dec-2024 11:36:16 UTC] MC Index: 1
[10-Dec-2024 11:36:16 UTC] MC Index: 2
[10-Dec-2024 11:36:16 UTC] MC Index: 3
[10-Dec-2024 11:36:16 UTC]  Verified Question Type: MCQ
[10-Dec-2024 11:36:16 UTC] MC Index: 0
[10-Dec-2024 11:36:16 UTC] MC Index: 1
[10-Dec-2024 11:36:16 UTC] MC Index: 2
[10-Dec-2024 11:36:16 UTC] MC Index: 3
[10-Dec-2024 11:36:16 UTC]  Verified Question Type: MCQ
[10-Dec-2024 11:36:16 UTC] MC Index: 0
[10-Dec-2024 11:36:16 UTC] MC Index: 1
[10-Dec-2024 11:36:16 UTC] MC Index: 2
[10-Dec-2024 11:36:16 UTC] MC Index: 3
[10-Dec-2024 11:36:16 UTC]  Verified Question Type: MCQ
[10-Dec-2024 11:36:16 UTC] MC Index: 0
[10-Dec-2024 11:36:16 UTC] MC Index: 1
[10-Dec-2024 11:36:16 UTC] MC Index: 2
[10-Dec-2024 11:36:16 UTC] MC Index: 3
[10-Dec-2024 11:36:16 UTC]  Verified Question Type: MCQ
[10-Dec-2024 11:36:16 UTC] MC Index: 0
[10-Dec-2024 11:36:16 UTC] MC Index: 1
[10-Dec-2024 11:36:16 UTC] MC Index: 2
[10-Dec-2024 11:36:16 UTC] MC Index: 3
[10-Dec-2024 11:36:16 UTC]  Verified Question Type: MCQ
[10-Dec-2024 11:36:16 UTC] MC Index: 0
[10-Dec-2024 11:36:16 UTC] MC Index: 1
[10-Dec-2024 11:36:16 UTC] MC Index: 2
[10-Dec-2024 11:36:16 UTC] MC Index: 3
[10-Dec-2024 11:36:16 UTC]  Verified Question Type: MCQ
[10-Dec-2024 11:36:16 UTC] MC Index: 0
[10-Dec-2024 11:36:16 UTC] MC Index: 1
[10-Dec-2024 11:36:16 UTC] MC Index: 2
[10-Dec-2024 11:36:16 UTC] MC Index: 3
[10-Dec-2024 11:36:16 UTC]  Verified Question Type: MCQ
[10-Dec-2024 11:36:16 UTC] MC Index: 0
[10-Dec-2024 11:36:16 UTC] MC Index: 1
[10-Dec-2024 11:36:16 UTC] MC Index: 2
[10-Dec-2024 11:36:16 UTC] MC Index: 3
[10-Dec-2024 11:36:16 UTC]  Verified Question Type: MCQ
[10-Dec-2024 11:36:16 UTC] MC Index: 0
[10-Dec-2024 11:36:16 UTC] MC Index: 1
[10-Dec-2024 11:36:16 UTC] MC Index: 2
[10-Dec-2024 11:36:16 UTC] MC Index: 3
[10-Dec-2024 11:36:42 UTC] 1733830602
[10-Dec-2024 11:36:42 UTC]  Verified Question Type: MCQ
[10-Dec-2024 11:36:42 UTC] MC Index: 0
[10-Dec-2024 11:36:42 UTC] MC Index: 1
[10-Dec-2024 11:36:42 UTC] MC Index: 2
[10-Dec-2024 11:36:42 UTC] MC Index: 3
[10-Dec-2024 11:36:42 UTC]  Verified Question Type: MCQ
[10-Dec-2024 11:36:42 UTC] MC Index: 0
[10-Dec-2024 11:36:42 UTC] MC Index: 1
[10-Dec-2024 11:36:42 UTC] MC Index: 2
[10-Dec-2024 11:36:42 UTC] MC Index: 3
[10-Dec-2024 11:36:42 UTC]  Verified Question Type: MCQ
[10-Dec-2024 11:36:42 UTC] MC Index: 0
[10-Dec-2024 11:36:42 UTC] MC Index: 1
[10-Dec-2024 11:36:42 UTC] MC Index: 2
[10-Dec-2024 11:36:42 UTC] MC Index: 3
[10-Dec-2024 11:36:42 UTC]  Verified Question Type: MCQ
[10-Dec-2024 11:36:42 UTC] MC Index: 0
[10-Dec-2024 11:36:42 UTC] MC Index: 1
[10-Dec-2024 11:36:42 UTC] MC Index: 2
[10-Dec-2024 11:36:42 UTC] MC Index: 3
[10-Dec-2024 11:36:42 UTC]  Verified Question Type: MCQ
[10-Dec-2024 11:36:42 UTC] MC Index: 0
[10-Dec-2024 11:36:42 UTC] MC Index: 1
[10-Dec-2024 11:36:42 UTC] MC Index: 2
[10-Dec-2024 11:36:42 UTC] MC Index: 3
[10-Dec-2024 11:36:42 UTC]  Verified Question Type: MCQ
[10-Dec-2024 11:36:42 UTC] MC Index: 0
[10-Dec-2024 11:36:42 UTC] MC Index: 1
[10-Dec-2024 11:36:42 UTC] MC Index: 2
[10-Dec-2024 11:36:42 UTC] MC Index: 3
[10-Dec-2024 11:36:42 UTC]  Verified Question Type: MCQ
[10-Dec-2024 11:36:42 UTC] MC Index: 0
[10-Dec-2024 11:36:42 UTC] MC Index: 1
[10-Dec-2024 11:36:42 UTC] MC Index: 2
[10-Dec-2024 11:36:42 UTC] MC Index: 3
[10-Dec-2024 11:36:42 UTC]  Verified Question Type: MCQ
[10-Dec-2024 11:36:42 UTC] MC Index: 0
[10-Dec-2024 11:36:42 UTC] MC Index: 1
[10-Dec-2024 11:36:42 UTC] MC Index: 2
[10-Dec-2024 11:36:42 UTC] MC Index: 3
[10-Dec-2024 11:36:42 UTC]  Verified Question Type: MCQ
[10-Dec-2024 11:36:42 UTC] MC Index: 0
[10-Dec-2024 11:36:42 UTC] MC Index: 1
[10-Dec-2024 11:36:42 UTC] MC Index: 2
[10-Dec-2024 11:36:42 UTC] MC Index: 3
[10-Dec-2024 11:36:42 UTC]  Verified Question Type: MCQ
[10-Dec-2024 11:36:42 UTC] MC Index: 0
[10-Dec-2024 11:36:42 UTC] MC Index: 1
[10-Dec-2024 11:36:42 UTC] MC Index: 2
[10-Dec-2024 11:36:42 UTC] MC Index: 3
[10-Dec-2024 11:36:42 UTC]  Verified Question Type: MCQ
[10-Dec-2024 11:36:42 UTC] MC Index: 0
[10-Dec-2024 11:36:42 UTC] MC Index: 1
[10-Dec-2024 11:36:42 UTC] MC Index: 2
[10-Dec-2024 11:36:42 UTC] MC Index: 3
[10-Dec-2024 11:36:42 UTC]  Verified Question Type: MCQ
[10-Dec-2024 11:36:42 UTC] MC Index: 0
[10-Dec-2024 11:36:42 UTC] MC Index: 1
[10-Dec-2024 11:36:42 UTC] MC Index: 2
[10-Dec-2024 11:36:42 UTC] MC Index: 3
[10-Dec-2024 11:36:42 UTC]  Verified Question Type: MCQ
[10-Dec-2024 11:36:42 UTC] MC Index: 0
[10-Dec-2024 11:36:42 UTC] MC Index: 1
[10-Dec-2024 11:36:42 UTC] MC Index: 2
[10-Dec-2024 11:36:42 UTC] MC Index: 3
[10-Dec-2024 11:36:42 UTC]  Verified Question Type: MCQ
[10-Dec-2024 11:36:42 UTC] MC Index: 0
[10-Dec-2024 11:36:42 UTC] MC Index: 1
[10-Dec-2024 11:36:42 UTC] MC Index: 2
[10-Dec-2024 11:36:42 UTC] MC Index: 3
[10-Dec-2024 11:36:42 UTC]  Verified Question Type: MCQ
[10-Dec-2024 11:36:42 UTC] MC Index: 0
[10-Dec-2024 11:36:42 UTC] MC Index: 1
[10-Dec-2024 11:36:42 UTC] MC Index: 2
[10-Dec-2024 11:36:42 UTC] MC Index: 3
[10-Dec-2024 11:36:42 UTC]  Verified Question Type: MCQ
[10-Dec-2024 11:36:42 UTC] MC Index: 0
[10-Dec-2024 11:36:42 UTC] MC Index: 1
[10-Dec-2024 11:36:42 UTC] MC Index: 2
[10-Dec-2024 11:36:42 UTC] MC Index: 3
[10-Dec-2024 11:38:34 UTC] 1733830714
[10-Dec-2024 11:38:34 UTC]  Verified Question Type: MCQ
[10-Dec-2024 11:38:34 UTC] MC Index: 0
[10-Dec-2024 11:38:34 UTC] MC Index: 1
[10-Dec-2024 11:38:34 UTC] MC Index: 2
[10-Dec-2024 11:38:34 UTC] MC Index: 3
[10-Dec-2024 11:38:34 UTC]  Verified Question Type: MCQ
[10-Dec-2024 11:38:34 UTC] MC Index: 0
[10-Dec-2024 11:38:34 UTC] MC Index: 1
[10-Dec-2024 11:38:34 UTC] MC Index: 2
[10-Dec-2024 11:38:34 UTC] MC Index: 3
[10-Dec-2024 11:38:34 UTC]  Verified Question Type: MCQ
[10-Dec-2024 11:38:34 UTC] MC Index: 0
[10-Dec-2024 11:38:34 UTC] MC Index: 1
[10-Dec-2024 11:38:34 UTC] MC Index: 2
[10-Dec-2024 11:38:34 UTC] MC Index: 3
[10-Dec-2024 11:38:34 UTC]  Verified Question Type: MCQ
[10-Dec-2024 11:38:34 UTC] MC Index: 0
[10-Dec-2024 11:38:34 UTC] MC Index: 1
[10-Dec-2024 11:38:34 UTC] MC Index: 2
[10-Dec-2024 11:38:34 UTC] MC Index: 3
[10-Dec-2024 11:38:34 UTC]  Verified Question Type: MCQ
[10-Dec-2024 11:38:34 UTC] MC Index: 0
[10-Dec-2024 11:38:34 UTC] MC Index: 1
[10-Dec-2024 11:38:34 UTC] MC Index: 2
[10-Dec-2024 11:38:34 UTC] MC Index: 3
[10-Dec-2024 11:38:34 UTC]  Verified Question Type: MCQ
[10-Dec-2024 11:38:34 UTC] MC Index: 0
[10-Dec-2024 11:38:34 UTC] MC Index: 1
[10-Dec-2024 11:38:34 UTC] MC Index: 2
[10-Dec-2024 11:38:34 UTC] MC Index: 3
[10-Dec-2024 11:38:34 UTC]  Verified Question Type: MCQ
[10-Dec-2024 11:38:34 UTC] MC Index: 0
[10-Dec-2024 11:38:34 UTC] MC Index: 1
[10-Dec-2024 11:38:34 UTC] MC Index: 2
[10-Dec-2024 11:38:34 UTC] MC Index: 3
[10-Dec-2024 11:38:34 UTC]  Verified Question Type: MCQ
[10-Dec-2024 11:38:34 UTC] MC Index: 0
[10-Dec-2024 11:38:34 UTC] MC Index: 1
[10-Dec-2024 11:38:34 UTC] MC Index: 2
[10-Dec-2024 11:38:34 UTC] MC Index: 3
[10-Dec-2024 11:38:34 UTC]  Verified Question Type: MCQ
[10-Dec-2024 11:38:34 UTC] MC Index: 0
[10-Dec-2024 11:38:34 UTC] MC Index: 1
[10-Dec-2024 11:38:34 UTC] MC Index: 2
[10-Dec-2024 11:38:34 UTC] MC Index: 3
[10-Dec-2024 11:38:34 UTC]  Verified Question Type: MCQ
[10-Dec-2024 11:38:34 UTC] MC Index: 0
[10-Dec-2024 11:38:34 UTC] MC Index: 1
[10-Dec-2024 11:38:34 UTC] MC Index: 2
[10-Dec-2024 11:38:34 UTC] MC Index: 3
[10-Dec-2024 11:38:34 UTC]  Verified Question Type: MCQ
[10-Dec-2024 11:38:34 UTC] MC Index: 0
[10-Dec-2024 11:38:34 UTC] MC Index: 1
[10-Dec-2024 11:38:34 UTC] MC Index: 2
[10-Dec-2024 11:38:34 UTC] MC Index: 3
[10-Dec-2024 11:38:34 UTC]  Verified Question Type: MCQ
[10-Dec-2024 11:38:34 UTC] MC Index: 0
[10-Dec-2024 11:38:34 UTC] MC Index: 1
[10-Dec-2024 11:38:34 UTC] MC Index: 2
[10-Dec-2024 11:38:34 UTC] MC Index: 3
[10-Dec-2024 11:38:34 UTC]  Verified Question Type: MCQ
[10-Dec-2024 11:38:34 UTC] MC Index: 0
[10-Dec-2024 11:38:34 UTC] MC Index: 1
[10-Dec-2024 11:38:34 UTC] MC Index: 2
[10-Dec-2024 11:38:34 UTC] MC Index: 3
[10-Dec-2024 11:38:34 UTC]  Verified Question Type: MCQ
[10-Dec-2024 11:38:34 UTC] MC Index: 0
[10-Dec-2024 11:38:34 UTC] MC Index: 1
[10-Dec-2024 11:38:34 UTC] MC Index: 2
[10-Dec-2024 11:38:34 UTC] MC Index: 3
[10-Dec-2024 11:38:34 UTC]  Verified Question Type: MCQ
[10-Dec-2024 11:38:34 UTC] MC Index: 0
[10-Dec-2024 11:38:34 UTC] MC Index: 1
[10-Dec-2024 11:38:34 UTC] MC Index: 2
[10-Dec-2024 11:38:34 UTC] MC Index: 3
[10-Dec-2024 11:38:34 UTC]  Verified Question Type: MCQ
[10-Dec-2024 11:38:34 UTC] MC Index: 0
[10-Dec-2024 11:38:34 UTC] MC Index: 1
[10-Dec-2024 11:38:34 UTC] MC Index: 2
[10-Dec-2024 11:38:34 UTC] MC Index: 3
[10-Dec-2024 11:39:07 UTC] 1733830747
[10-Dec-2024 11:39:07 UTC]  Verified Question Type: MCQ
[10-Dec-2024 11:39:07 UTC] MC Index: 0
[10-Dec-2024 11:39:07 UTC] MC Index: 1
[10-Dec-2024 11:39:07 UTC] MC Index: 2
[10-Dec-2024 11:39:07 UTC] MC Index: 3
[10-Dec-2024 11:39:07 UTC]  Verified Question Type: MCQ
[10-Dec-2024 11:39:07 UTC] MC Index: 0
[10-Dec-2024 11:39:07 UTC] MC Index: 1
[10-Dec-2024 11:39:07 UTC] MC Index: 2
[10-Dec-2024 11:39:07 UTC] MC Index: 3
[10-Dec-2024 11:39:07 UTC]  Verified Question Type: MCQ
[10-Dec-2024 11:39:07 UTC] MC Index: 0
[10-Dec-2024 11:39:07 UTC] MC Index: 1
[10-Dec-2024 11:39:07 UTC] MC Index: 2
[10-Dec-2024 11:39:07 UTC] MC Index: 3
[10-Dec-2024 11:39:07 UTC]  Verified Question Type: MCQ
[10-Dec-2024 11:39:07 UTC] MC Index: 0
[10-Dec-2024 11:39:07 UTC] MC Index: 1
[10-Dec-2024 11:39:07 UTC] MC Index: 2
[10-Dec-2024 11:39:07 UTC] MC Index: 3
[10-Dec-2024 11:39:07 UTC]  Verified Question Type: MCQ
[10-Dec-2024 11:39:07 UTC] MC Index: 0
[10-Dec-2024 11:39:07 UTC] MC Index: 1
[10-Dec-2024 11:39:07 UTC] MC Index: 2
[10-Dec-2024 11:39:07 UTC] MC Index: 3
[10-Dec-2024 11:39:07 UTC]  Verified Question Type: MCQ
[10-Dec-2024 11:39:07 UTC] MC Index: 0
[10-Dec-2024 11:39:07 UTC] MC Index: 1
[10-Dec-2024 11:39:07 UTC] MC Index: 2
[10-Dec-2024 11:39:07 UTC] MC Index: 3
[10-Dec-2024 11:39:07 UTC]  Verified Question Type: MCQ
[10-Dec-2024 11:39:07 UTC] MC Index: 0
[10-Dec-2024 11:39:07 UTC] MC Index: 1
[10-Dec-2024 11:39:07 UTC] MC Index: 2
[10-Dec-2024 11:39:07 UTC] MC Index: 3
[10-Dec-2024 11:39:07 UTC]  Verified Question Type: MCQ
[10-Dec-2024 11:39:07 UTC] MC Index: 0
[10-Dec-2024 11:39:07 UTC] MC Index: 1
[10-Dec-2024 11:39:07 UTC] MC Index: 2
[10-Dec-2024 11:39:07 UTC] MC Index: 3
[10-Dec-2024 11:39:07 UTC]  Verified Question Type: MCQ
[10-Dec-2024 11:39:07 UTC] MC Index: 0
[10-Dec-2024 11:39:07 UTC] MC Index: 1
[10-Dec-2024 11:39:07 UTC] MC Index: 2
[10-Dec-2024 11:39:07 UTC] MC Index: 3
[10-Dec-2024 11:39:07 UTC]  Verified Question Type: MCQ
[10-Dec-2024 11:39:07 UTC] MC Index: 0
[10-Dec-2024 11:39:07 UTC] MC Index: 1
[10-Dec-2024 11:39:07 UTC] MC Index: 2
[10-Dec-2024 11:39:07 UTC] MC Index: 3
[10-Dec-2024 11:39:07 UTC]  Verified Question Type: MCQ
[10-Dec-2024 11:39:07 UTC] MC Index: 0
[10-Dec-2024 11:39:07 UTC] MC Index: 1
[10-Dec-2024 11:39:07 UTC] MC Index: 2
[10-Dec-2024 11:39:07 UTC] MC Index: 3
[10-Dec-2024 11:39:07 UTC]  Verified Question Type: MCQ
[10-Dec-2024 11:39:07 UTC] MC Index: 0
[10-Dec-2024 11:39:07 UTC] MC Index: 1
[10-Dec-2024 11:39:07 UTC] MC Index: 2
[10-Dec-2024 11:39:07 UTC] MC Index: 3
[10-Dec-2024 11:39:07 UTC]  Verified Question Type: MCQ
[10-Dec-2024 11:39:07 UTC] MC Index: 0
[10-Dec-2024 11:39:07 UTC] MC Index: 1
[10-Dec-2024 11:39:07 UTC] MC Index: 2
[10-Dec-2024 11:39:07 UTC] MC Index: 3
[10-Dec-2024 11:39:07 UTC]  Verified Question Type: MCQ
[10-Dec-2024 11:39:07 UTC] MC Index: 0
[10-Dec-2024 11:39:07 UTC] MC Index: 1
[10-Dec-2024 11:39:07 UTC] MC Index: 2
[10-Dec-2024 11:39:07 UTC] MC Index: 3
[10-Dec-2024 11:39:07 UTC]  Verified Question Type: MCQ
[10-Dec-2024 11:39:07 UTC] MC Index: 0
[10-Dec-2024 11:39:07 UTC] MC Index: 1
[10-Dec-2024 11:39:07 UTC] MC Index: 2
[10-Dec-2024 11:39:07 UTC] MC Index: 3
[10-Dec-2024 11:39:07 UTC]  Verified Question Type: MCQ
[10-Dec-2024 11:39:07 UTC] MC Index: 0
[10-Dec-2024 11:39:07 UTC] MC Index: 1
[10-Dec-2024 11:39:07 UTC] MC Index: 2
[10-Dec-2024 11:39:07 UTC] MC Index: 3
[10-Dec-2024 11:39:40 UTC] 1733830780
[10-Dec-2024 11:39:40 UTC]  Verified Question Type: MCQ
[10-Dec-2024 11:39:40 UTC] MC Index: 0
[10-Dec-2024 11:39:40 UTC] MC Index: 1
[10-Dec-2024 11:39:40 UTC] MC Index: 2
[10-Dec-2024 11:39:40 UTC] MC Index: 3
[10-Dec-2024 11:39:40 UTC]  Verified Question Type: MCQ
[10-Dec-2024 11:39:40 UTC] MC Index: 0
[10-Dec-2024 11:39:40 UTC] MC Index: 1
[10-Dec-2024 11:39:40 UTC] MC Index: 2
[10-Dec-2024 11:39:40 UTC] MC Index: 3
[10-Dec-2024 11:39:40 UTC]  Verified Question Type: MCQ
[10-Dec-2024 11:39:40 UTC] MC Index: 0
[10-Dec-2024 11:39:40 UTC] MC Index: 1
[10-Dec-2024 11:39:40 UTC] MC Index: 2
[10-Dec-2024 11:39:40 UTC] MC Index: 3
[10-Dec-2024 11:39:40 UTC]  Verified Question Type: MCQ
[10-Dec-2024 11:39:40 UTC] MC Index: 0
[10-Dec-2024 11:39:40 UTC] MC Index: 1
[10-Dec-2024 11:39:40 UTC] MC Index: 2
[10-Dec-2024 11:39:40 UTC] MC Index: 3
[10-Dec-2024 11:39:40 UTC]  Verified Question Type: MCQ
[10-Dec-2024 11:39:40 UTC] MC Index: 0
[10-Dec-2024 11:39:40 UTC] MC Index: 1
[10-Dec-2024 11:39:40 UTC] MC Index: 2
[10-Dec-2024 11:39:40 UTC] MC Index: 3
[10-Dec-2024 11:39:40 UTC]  Verified Question Type: MCQ
[10-Dec-2024 11:39:40 UTC] MC Index: 0
[10-Dec-2024 11:39:40 UTC] MC Index: 1
[10-Dec-2024 11:39:40 UTC] MC Index: 2
[10-Dec-2024 11:39:40 UTC] MC Index: 3
[10-Dec-2024 11:39:40 UTC]  Verified Question Type: MCQ
[10-Dec-2024 11:39:40 UTC] MC Index: 0
[10-Dec-2024 11:39:40 UTC] MC Index: 1
[10-Dec-2024 11:39:40 UTC] MC Index: 2
[10-Dec-2024 11:39:40 UTC] MC Index: 3
[10-Dec-2024 11:39:40 UTC]  Verified Question Type: MCQ
[10-Dec-2024 11:39:40 UTC] MC Index: 0
[10-Dec-2024 11:39:40 UTC] MC Index: 1
[10-Dec-2024 11:39:40 UTC] MC Index: 2
[10-Dec-2024 11:39:40 UTC] MC Index: 3
[10-Dec-2024 11:39:40 UTC]  Verified Question Type: MCQ
[10-Dec-2024 11:39:40 UTC] MC Index: 0
[10-Dec-2024 11:39:40 UTC] MC Index: 1
[10-Dec-2024 11:39:40 UTC] MC Index: 2
[10-Dec-2024 11:39:40 UTC] MC Index: 3
[10-Dec-2024 11:39:40 UTC]  Verified Question Type: MCQ
[10-Dec-2024 11:39:40 UTC] MC Index: 0
[10-Dec-2024 11:39:40 UTC] MC Index: 1
[10-Dec-2024 11:39:40 UTC] MC Index: 2
[10-Dec-2024 11:39:40 UTC] MC Index: 3
[10-Dec-2024 11:39:40 UTC]  Verified Question Type: MCQ
[10-Dec-2024 11:39:40 UTC] MC Index: 0
[10-Dec-2024 11:39:40 UTC] MC Index: 1
[10-Dec-2024 11:39:40 UTC] MC Index: 2
[10-Dec-2024 11:39:40 UTC] MC Index: 3
[10-Dec-2024 11:39:40 UTC]  Verified Question Type: MCQ
[10-Dec-2024 11:39:40 UTC] MC Index: 0
[10-Dec-2024 11:39:40 UTC] MC Index: 1
[10-Dec-2024 11:39:40 UTC] MC Index: 2
[10-Dec-2024 11:39:40 UTC] MC Index: 3
[10-Dec-2024 11:39:40 UTC]  Verified Question Type: MCQ
[10-Dec-2024 11:39:40 UTC] MC Index: 0
[10-Dec-2024 11:39:40 UTC] MC Index: 1
[10-Dec-2024 11:39:40 UTC] MC Index: 2
[10-Dec-2024 11:39:40 UTC] MC Index: 3
[10-Dec-2024 11:39:40 UTC]  Verified Question Type: MCQ
[10-Dec-2024 11:39:40 UTC] MC Index: 0
[10-Dec-2024 11:39:40 UTC] MC Index: 1
[10-Dec-2024 11:39:40 UTC] MC Index: 2
[10-Dec-2024 11:39:40 UTC] MC Index: 3
[10-Dec-2024 11:39:40 UTC]  Verified Question Type: MCQ
[10-Dec-2024 11:39:40 UTC] MC Index: 0
[10-Dec-2024 11:39:40 UTC] MC Index: 1
[10-Dec-2024 11:39:40 UTC] MC Index: 2
[10-Dec-2024 11:39:40 UTC] MC Index: 3
[10-Dec-2024 11:39:40 UTC]  Verified Question Type: MCQ
[10-Dec-2024 11:39:40 UTC] MC Index: 0
[10-Dec-2024 11:39:40 UTC] MC Index: 1
[10-Dec-2024 11:39:40 UTC] MC Index: 2
[10-Dec-2024 11:39:40 UTC] MC Index: 3
[10-Dec-2024 11:40:04 UTC] 1733830804
[10-Dec-2024 11:40:04 UTC]  Verified Question Type: MCQ
[10-Dec-2024 11:40:04 UTC] MC Index: 0
[10-Dec-2024 11:40:04 UTC] MC Index: 1
[10-Dec-2024 11:40:04 UTC] MC Index: 2
[10-Dec-2024 11:40:04 UTC] MC Index: 3
[10-Dec-2024 11:40:04 UTC]  Verified Question Type: MCQ
[10-Dec-2024 11:40:04 UTC] MC Index: 0
[10-Dec-2024 11:40:04 UTC] MC Index: 1
[10-Dec-2024 11:40:04 UTC] MC Index: 2
[10-Dec-2024 11:40:04 UTC] MC Index: 3
[10-Dec-2024 11:40:04 UTC]  Verified Question Type: MCQ
[10-Dec-2024 11:40:04 UTC] MC Index: 0
[10-Dec-2024 11:40:04 UTC] MC Index: 1
[10-Dec-2024 11:40:04 UTC] MC Index: 2
[10-Dec-2024 11:40:04 UTC] MC Index: 3
[10-Dec-2024 11:40:04 UTC]  Verified Question Type: MCQ
[10-Dec-2024 11:40:04 UTC] MC Index: 0
[10-Dec-2024 11:40:04 UTC] MC Index: 1
[10-Dec-2024 11:40:04 UTC] MC Index: 2
[10-Dec-2024 11:40:04 UTC] MC Index: 3
[10-Dec-2024 11:40:04 UTC]  Verified Question Type: MCQ
[10-Dec-2024 11:40:04 UTC] MC Index: 0
[10-Dec-2024 11:40:04 UTC] MC Index: 1
[10-Dec-2024 11:40:04 UTC] MC Index: 2
[10-Dec-2024 11:40:04 UTC] MC Index: 3
[10-Dec-2024 11:40:04 UTC]  Verified Question Type: MCQ
[10-Dec-2024 11:40:04 UTC] MC Index: 0
[10-Dec-2024 11:40:04 UTC] MC Index: 1
[10-Dec-2024 11:40:04 UTC] MC Index: 2
[10-Dec-2024 11:40:04 UTC] MC Index: 3
[10-Dec-2024 11:40:04 UTC]  Verified Question Type: MCQ
[10-Dec-2024 11:40:04 UTC] MC Index: 0
[10-Dec-2024 11:40:04 UTC] MC Index: 1
[10-Dec-2024 11:40:04 UTC] MC Index: 2
[10-Dec-2024 11:40:04 UTC] MC Index: 3
[10-Dec-2024 11:40:04 UTC]  Verified Question Type: MCQ
[10-Dec-2024 11:40:04 UTC] MC Index: 0
[10-Dec-2024 11:40:04 UTC] MC Index: 1
[10-Dec-2024 11:40:04 UTC] MC Index: 2
[10-Dec-2024 11:40:04 UTC] MC Index: 3
[10-Dec-2024 11:40:04 UTC]  Verified Question Type: MCQ
[10-Dec-2024 11:40:04 UTC] MC Index: 0
[10-Dec-2024 11:40:04 UTC] MC Index: 1
[10-Dec-2024 11:40:04 UTC] MC Index: 2
[10-Dec-2024 11:40:04 UTC] MC Index: 3
[10-Dec-2024 11:40:04 UTC]  Verified Question Type: MCQ
[10-Dec-2024 11:40:04 UTC] MC Index: 0
[10-Dec-2024 11:40:04 UTC] MC Index: 1
[10-Dec-2024 11:40:04 UTC] MC Index: 2
[10-Dec-2024 11:40:04 UTC] MC Index: 3
[10-Dec-2024 11:40:04 UTC]  Verified Question Type: MCQ
[10-Dec-2024 11:40:04 UTC] MC Index: 0
[10-Dec-2024 11:40:04 UTC] MC Index: 1
[10-Dec-2024 11:40:04 UTC] MC Index: 2
[10-Dec-2024 11:40:04 UTC] MC Index: 3
[10-Dec-2024 11:40:04 UTC]  Verified Question Type: MCQ
[10-Dec-2024 11:40:04 UTC] MC Index: 0
[10-Dec-2024 11:40:04 UTC] MC Index: 1
[10-Dec-2024 11:40:04 UTC] MC Index: 2
[10-Dec-2024 11:40:04 UTC] MC Index: 3
[10-Dec-2024 11:40:04 UTC]  Verified Question Type: MCQ
[10-Dec-2024 11:40:04 UTC] MC Index: 0
[10-Dec-2024 11:40:04 UTC] MC Index: 1
[10-Dec-2024 11:40:04 UTC] MC Index: 2
[10-Dec-2024 11:40:04 UTC] MC Index: 3
[10-Dec-2024 11:40:04 UTC]  Verified Question Type: MCQ
[10-Dec-2024 11:40:04 UTC] MC Index: 0
[10-Dec-2024 11:40:04 UTC] MC Index: 1
[10-Dec-2024 11:40:04 UTC] MC Index: 2
[10-Dec-2024 11:40:04 UTC] MC Index: 3
[10-Dec-2024 11:40:04 UTC]  Verified Question Type: MCQ
[10-Dec-2024 11:40:04 UTC] MC Index: 0
[10-Dec-2024 11:40:04 UTC] MC Index: 1
[10-Dec-2024 11:40:04 UTC] MC Index: 2
[10-Dec-2024 11:40:04 UTC] MC Index: 3
[10-Dec-2024 11:40:04 UTC]  Verified Question Type: MCQ
[10-Dec-2024 11:40:04 UTC] MC Index: 0
[10-Dec-2024 11:40:04 UTC] MC Index: 1
[10-Dec-2024 11:40:04 UTC] MC Index: 2
[10-Dec-2024 11:40:04 UTC] MC Index: 3
[10-Dec-2024 11:41:21 UTC] 1733830881
[10-Dec-2024 11:41:21 UTC]  Verified Question Type: MCQ
[10-Dec-2024 11:41:21 UTC] MC Index: 0
[10-Dec-2024 11:41:21 UTC] MC Index: 1
[10-Dec-2024 11:41:21 UTC] MC Index: 2
[10-Dec-2024 11:41:21 UTC] MC Index: 3
[10-Dec-2024 11:41:21 UTC]  Verified Question Type: MCQ
[10-Dec-2024 11:41:21 UTC] MC Index: 0
[10-Dec-2024 11:41:21 UTC] MC Index: 1
[10-Dec-2024 11:41:21 UTC] MC Index: 2
[10-Dec-2024 11:41:21 UTC] MC Index: 3
[10-Dec-2024 11:41:21 UTC]  Verified Question Type: MCQ
[10-Dec-2024 11:41:21 UTC] MC Index: 0
[10-Dec-2024 11:41:21 UTC] MC Index: 1
[10-Dec-2024 11:41:21 UTC] MC Index: 2
[10-Dec-2024 11:41:21 UTC] MC Index: 3
[10-Dec-2024 11:41:21 UTC]  Verified Question Type: MCQ
[10-Dec-2024 11:41:21 UTC] MC Index: 0
[10-Dec-2024 11:41:21 UTC] MC Index: 1
[10-Dec-2024 11:41:21 UTC] MC Index: 2
[10-Dec-2024 11:41:21 UTC] MC Index: 3
[10-Dec-2024 11:41:21 UTC]  Verified Question Type: MCQ
[10-Dec-2024 11:41:21 UTC] MC Index: 0
[10-Dec-2024 11:41:21 UTC] MC Index: 1
[10-Dec-2024 11:41:21 UTC] MC Index: 2
[10-Dec-2024 11:41:21 UTC] MC Index: 3
[10-Dec-2024 11:41:21 UTC]  Verified Question Type: MCQ
[10-Dec-2024 11:41:21 UTC] MC Index: 0
[10-Dec-2024 11:41:21 UTC] MC Index: 1
[10-Dec-2024 11:41:21 UTC] MC Index: 2
[10-Dec-2024 11:41:21 UTC] MC Index: 3
[10-Dec-2024 11:41:21 UTC]  Verified Question Type: MCQ
[10-Dec-2024 11:41:21 UTC] MC Index: 0
[10-Dec-2024 11:41:21 UTC] MC Index: 1
[10-Dec-2024 11:41:21 UTC] MC Index: 2
[10-Dec-2024 11:41:21 UTC] MC Index: 3
[10-Dec-2024 11:41:21 UTC]  Verified Question Type: MCQ
[10-Dec-2024 11:41:21 UTC] MC Index: 0
[10-Dec-2024 11:41:21 UTC] MC Index: 1
[10-Dec-2024 11:41:21 UTC] MC Index: 2
[10-Dec-2024 11:41:21 UTC] MC Index: 3
[10-Dec-2024 11:41:21 UTC]  Verified Question Type: MCQ
[10-Dec-2024 11:41:21 UTC] MC Index: 0
[10-Dec-2024 11:41:21 UTC] MC Index: 1
[10-Dec-2024 11:41:21 UTC] MC Index: 2
[10-Dec-2024 11:41:21 UTC] MC Index: 3
[10-Dec-2024 11:41:21 UTC]  Verified Question Type: MCQ
[10-Dec-2024 11:41:21 UTC] MC Index: 0
[10-Dec-2024 11:41:21 UTC] MC Index: 1
[10-Dec-2024 11:41:21 UTC] MC Index: 2
[10-Dec-2024 11:41:21 UTC] MC Index: 3
[10-Dec-2024 11:41:21 UTC]  Verified Question Type: MCQ
[10-Dec-2024 11:41:21 UTC] MC Index: 0
[10-Dec-2024 11:41:21 UTC] MC Index: 1
[10-Dec-2024 11:41:21 UTC] MC Index: 2
[10-Dec-2024 11:41:21 UTC] MC Index: 3
[10-Dec-2024 11:41:21 UTC]  Verified Question Type: MCQ
[10-Dec-2024 11:41:21 UTC] MC Index: 0
[10-Dec-2024 11:41:21 UTC] MC Index: 1
[10-Dec-2024 11:41:21 UTC] MC Index: 2
[10-Dec-2024 11:41:21 UTC] MC Index: 3
[10-Dec-2024 11:41:21 UTC]  Verified Question Type: MCQ
[10-Dec-2024 11:41:21 UTC] MC Index: 0
[10-Dec-2024 11:41:21 UTC] MC Index: 1
[10-Dec-2024 11:41:21 UTC] MC Index: 2
[10-Dec-2024 11:41:21 UTC] MC Index: 3
[10-Dec-2024 11:41:21 UTC]  Verified Question Type: MCQ
[10-Dec-2024 11:41:21 UTC] MC Index: 0
[10-Dec-2024 11:41:21 UTC] MC Index: 1
[10-Dec-2024 11:41:21 UTC] MC Index: 2
[10-Dec-2024 11:41:21 UTC] MC Index: 3
[10-Dec-2024 11:41:21 UTC]  Verified Question Type: MCQ
[10-Dec-2024 11:41:21 UTC] MC Index: 0
[10-Dec-2024 11:41:21 UTC] MC Index: 1
[10-Dec-2024 11:41:21 UTC] MC Index: 2
[10-Dec-2024 11:41:21 UTC] MC Index: 3
[10-Dec-2024 11:41:21 UTC]  Verified Question Type: MCQ
[10-Dec-2024 11:41:21 UTC] MC Index: 0
[10-Dec-2024 11:41:21 UTC] MC Index: 1
[10-Dec-2024 11:41:21 UTC] MC Index: 2
[10-Dec-2024 11:41:21 UTC] MC Index: 3
[10-Dec-2024 11:43:47 UTC] PHP Warning:  Undefined variable $actual_ans in C:\xampp\htdocs\wiz\wp-content\plugins\wiz-quiz\ajax.php on line 20
[10-Dec-2024 11:44:57 UTC] PHP Warning:  Undefined variable $actual_ans in C:\xampp\htdocs\wiz\wp-content\plugins\wiz-quiz\ajax.php on line 20
[10-Dec-2024 11:44:59 UTC] PHP Warning:  Undefined variable $actual_ans in C:\xampp\htdocs\wiz\wp-content\plugins\wiz-quiz\ajax.php on line 20
[10-Dec-2024 11:45:02 UTC] PHP Warning:  Undefined variable $actual_ans in C:\xampp\htdocs\wiz\wp-content\plugins\wiz-quiz\ajax.php on line 20
[10-Dec-2024 11:45:09 UTC] PHP Warning:  Undefined array key "answers" in C:\xampp\htdocs\wiz\wp-content\plugins\wiz-quiz\ajax.php on line 209
[10-Dec-2024 11:45:09 UTC] PHP Warning:  Trying to access array offset on value of type null in C:\xampp\htdocs\wiz\wp-content\plugins\wiz-quiz\ajax.php on line 217
[10-Dec-2024 11:45:09 UTC] PHP Warning:  Trying to access array offset on value of type null in C:\xampp\htdocs\wiz\wp-content\plugins\wiz-quiz\ajax.php on line 217
[10-Dec-2024 11:45:09 UTC] PHP Deprecated:  trim(): Passing null to parameter #1 ($string) of type string is deprecated in C:\xampp\htdocs\wiz\wp-content\plugins\wiz-quiz\ajax.php on line 217
[10-Dec-2024 11:45:09 UTC] PHP Warning:  Trying to access array offset on value of type null in C:\xampp\htdocs\wiz\wp-content\plugins\wiz-quiz\ajax.php on line 217
[10-Dec-2024 11:45:09 UTC] PHP Warning:  Trying to access array offset on value of type null in C:\xampp\htdocs\wiz\wp-content\plugins\wiz-quiz\ajax.php on line 217
[10-Dec-2024 11:45:09 UTC] PHP Deprecated:  trim(): Passing null to parameter #1 ($string) of type string is deprecated in C:\xampp\htdocs\wiz\wp-content\plugins\wiz-quiz\ajax.php on line 217
[10-Dec-2024 11:45:09 UTC] PHP Warning:  Trying to access array offset on value of type null in C:\xampp\htdocs\wiz\wp-content\plugins\wiz-quiz\ajax.php on line 217
[10-Dec-2024 11:45:09 UTC] PHP Warning:  Trying to access array offset on value of type null in C:\xampp\htdocs\wiz\wp-content\plugins\wiz-quiz\ajax.php on line 217
[10-Dec-2024 11:45:09 UTC] PHP Deprecated:  trim(): Passing null to parameter #1 ($string) of type string is deprecated in C:\xampp\htdocs\wiz\wp-content\plugins\wiz-quiz\ajax.php on line 217
[10-Dec-2024 11:45:09 UTC] PHP Warning:  Trying to access array offset on value of type null in C:\xampp\htdocs\wiz\wp-content\plugins\wiz-quiz\ajax.php on line 217
[10-Dec-2024 11:45:09 UTC] PHP Warning:  Trying to access array offset on value of type null in C:\xampp\htdocs\wiz\wp-content\plugins\wiz-quiz\ajax.php on line 217
[10-Dec-2024 11:45:09 UTC] PHP Deprecated:  trim(): Passing null to parameter #1 ($string) of type string is deprecated in C:\xampp\htdocs\wiz\wp-content\plugins\wiz-quiz\ajax.php on line 217
[10-Dec-2024 11:45:09 UTC] PHP Warning:  Trying to access array offset on value of type null in C:\xampp\htdocs\wiz\wp-content\plugins\wiz-quiz\ajax.php on line 217
[10-Dec-2024 11:45:09 UTC] PHP Warning:  Trying to access array offset on value of type null in C:\xampp\htdocs\wiz\wp-content\plugins\wiz-quiz\ajax.php on line 217
[10-Dec-2024 11:45:09 UTC] PHP Deprecated:  trim(): Passing null to parameter #1 ($string) of type string is deprecated in C:\xampp\htdocs\wiz\wp-content\plugins\wiz-quiz\ajax.php on line 217
[10-Dec-2024 11:45:09 UTC] PHP Warning:  Undefined array key "answers" in C:\xampp\htdocs\wiz\wp-content\plugins\wiz-quiz\ajax.php on line 224
[10-Dec-2024 11:45:13 UTC] WP_Term Object
(
    [term_id] => 5
    [name] => Practice 1
    [slug] => practice-1
    [term_group] => 0
    [term_taxonomy_id] => 5
    [taxonomy] => reading-practice
    [description] => 
    [parent] => 0
    [count] => 19
    [filter] => raw
)

[10-Dec-2024 11:45:13 UTC] stdClass Object
(
    [id] => 4
    [user_name] => Shakib Shown
    [user_id] => 1
    [device_id] => ::1
    [quiz_id] => 1733829546
    [date] => 2024-12-10 11:19:11
    [quiz_type] => reading-practice
    [total_time] => 1561
    [time] => 1733829551
    [result] => [{"question_id":"100","answer_given":"Option  4","correct":false,"total_point":1,"gain_point":0},{"question_id":"107","answer_given":null,"correct":"mixed","total_point":"5","gain_point":0},{"question_id":"174","answer_given":"tried hard to stay awake","correct":false,"total_point":1,"gain_point":0},{"question_id":"175","answer_given":"The College group","correct":false,"total_point":1,"gain_point":0},{"question_id":"176","answer_given":"Neither","correct":false,"total_point":1,"gain_point":0},{"question_id":"177","answer_given":"They are allowed to go there alone.","correct":false,"total_point":1,"gain_point":0},{"question_id":"178","answer_given":"Mrs Appleyard","correct":false,"total_point":1,"gain_point":0},{"question_id":"179","answer_given":"Wearing a hat was optional outside the College grounds. ","correct":false,"total_point":1,"gain_point":0},{"question_id":"181","answer_given":"the writer is aware that others might find his family\u2019s love of theme parks puzzling.","correct":true,"total_point":1,"gain_point":1},{"question_id":"182","answer_given":"leads us into the poem itself.","correct":false,"total_point":1,"gain_point":0},{"question_id":"183","answer_given":"a bird","correct":false,"total_point":1,"gain_point":0},{"question_id":"184","answer_given":"a spotlight","correct":false,"total_point":1,"gain_point":0},{"question_id":"185","answer_given":"jellyfish","correct":false,"total_point":1,"gain_point":0},{"question_id":"186","answer_given":"the actions of people.","correct":true,"total_point":1,"gain_point":1},{"question_id":"187","answer_given":"the destructive power of the sea","correct":false,"total_point":1,"gain_point":0},{"question_id":"188","answer_given":[{"boxId":"0","option":"\n                But might this actually be the best way to protect the species over the long term?             "},{"boxId":"1","option":"\n                Farming them intensively would probably cause large numbers of deaths from stress.             "},{"boxId":"2","option":"\n                These efforts have foundered, however, because octopus larvae eat only live food.            "},{"boxId":"3","option":"\n                But the case for octopus farming is weak, according to Jacquet and her co-authors.            "}],"correct":"mixed","total_point":"4","gain_point":0},{"question_id":"189","answer_given":[{"dropdown_id":"0","answer":"Extract A"},{"dropdown_id":"1","answer":"Extract B"},{"dropdown_id":"2","answer":"Extract B"},{"dropdown_id":"3","answer":"Extract A"}],"correct":"mixed","total_point":"4","gain_point":2},{"question_id":"193","answer_given":"a stranger in the boat","correct":false,"total_point":1,"gain_point":0},{"question_id":"229","answer_given":"Option 4","correct":false,"total_point":1,"gain_point":0}]
    [user_agent] => Mozilla/5.0 (Windows NT 10.0; Win64; x64) AppleWebKit/537.36 (KHTML, like Gecko) Chrome/131.0.0.0 Safari/537.36
)

[10-Dec-2024 11:45:13 UTC] PHP Warning:  Undefined variable $date in C:\xampp\htdocs\wiz\wp-content\plugins\wiz-quiz\ele\widgets\result.php on line 51
[10-Dec-2024 11:45:13 UTC] PHP Deprecated:  DateTime::__construct(): Passing null to parameter #1 ($datetime) of type string is deprecated in C:\xampp\htdocs\wiz\wp-content\plugins\wiz-quiz\ele\widgets\result.php on line 51
[10-Dec-2024 11:50:39 UTC] 1733831439
[10-Dec-2024 11:50:39 UTC]  Verified Question Type: MCQ
[10-Dec-2024 11:50:39 UTC] MC Index: 0
[10-Dec-2024 11:50:39 UTC] MC Index: 1
[10-Dec-2024 11:50:39 UTC] MC Index: 2
[10-Dec-2024 11:50:39 UTC] MC Index: 3
[10-Dec-2024 11:50:39 UTC]  Verified Question Type: MCQ
[10-Dec-2024 11:50:39 UTC] MC Index: 0
[10-Dec-2024 11:50:39 UTC] MC Index: 1
[10-Dec-2024 11:50:39 UTC] MC Index: 2
[10-Dec-2024 11:50:39 UTC] MC Index: 3
[10-Dec-2024 11:50:39 UTC]  Verified Question Type: MCQ
[10-Dec-2024 11:50:39 UTC] MC Index: 0
[10-Dec-2024 11:50:39 UTC] MC Index: 1
[10-Dec-2024 11:50:39 UTC] MC Index: 2
[10-Dec-2024 11:50:39 UTC] MC Index: 3
[10-Dec-2024 11:50:39 UTC]  Verified Question Type: MCQ
[10-Dec-2024 11:50:39 UTC] MC Index: 0
[10-Dec-2024 11:50:39 UTC] MC Index: 1
[10-Dec-2024 11:50:39 UTC] MC Index: 2
[10-Dec-2024 11:50:39 UTC] MC Index: 3
[10-Dec-2024 11:50:39 UTC]  Verified Question Type: MCQ
[10-Dec-2024 11:50:39 UTC] MC Index: 0
[10-Dec-2024 11:50:39 UTC] MC Index: 1
[10-Dec-2024 11:50:39 UTC] MC Index: 2
[10-Dec-2024 11:50:39 UTC] MC Index: 3
[10-Dec-2024 11:50:39 UTC]  Verified Question Type: MCQ
[10-Dec-2024 11:50:39 UTC] MC Index: 0
[10-Dec-2024 11:50:39 UTC] MC Index: 1
[10-Dec-2024 11:50:39 UTC] MC Index: 2
[10-Dec-2024 11:50:39 UTC] MC Index: 3
[10-Dec-2024 11:50:39 UTC]  Verified Question Type: MCQ
[10-Dec-2024 11:50:39 UTC] MC Index: 0
[10-Dec-2024 11:50:39 UTC] MC Index: 1
[10-Dec-2024 11:50:39 UTC] MC Index: 2
[10-Dec-2024 11:50:39 UTC] MC Index: 3
[10-Dec-2024 11:50:39 UTC]  Verified Question Type: MCQ
[10-Dec-2024 11:50:39 UTC] MC Index: 0
[10-Dec-2024 11:50:39 UTC] MC Index: 1
[10-Dec-2024 11:50:39 UTC] MC Index: 2
[10-Dec-2024 11:50:39 UTC] MC Index: 3
[10-Dec-2024 11:50:39 UTC]  Verified Question Type: MCQ
[10-Dec-2024 11:50:39 UTC] MC Index: 0
[10-Dec-2024 11:50:39 UTC] MC Index: 1
[10-Dec-2024 11:50:39 UTC] MC Index: 2
[10-Dec-2024 11:50:39 UTC] MC Index: 3
[10-Dec-2024 11:50:39 UTC]  Verified Question Type: MCQ
[10-Dec-2024 11:50:39 UTC] MC Index: 0
[10-Dec-2024 11:50:39 UTC] MC Index: 1
[10-Dec-2024 11:50:39 UTC] MC Index: 2
[10-Dec-2024 11:50:39 UTC] MC Index: 3
[10-Dec-2024 11:50:39 UTC]  Verified Question Type: MCQ
[10-Dec-2024 11:50:39 UTC] MC Index: 0
[10-Dec-2024 11:50:39 UTC] MC Index: 1
[10-Dec-2024 11:50:39 UTC] MC Index: 2
[10-Dec-2024 11:50:39 UTC] MC Index: 3
[10-Dec-2024 11:50:39 UTC]  Verified Question Type: MCQ
[10-Dec-2024 11:50:39 UTC] MC Index: 0
[10-Dec-2024 11:50:39 UTC] MC Index: 1
[10-Dec-2024 11:50:39 UTC] MC Index: 2
[10-Dec-2024 11:50:39 UTC] MC Index: 3
[10-Dec-2024 11:50:39 UTC]  Verified Question Type: MCQ
[10-Dec-2024 11:50:39 UTC] MC Index: 0
[10-Dec-2024 11:50:39 UTC] MC Index: 1
[10-Dec-2024 11:50:39 UTC] MC Index: 2
[10-Dec-2024 11:50:39 UTC] MC Index: 3
[10-Dec-2024 11:50:39 UTC]  Verified Question Type: MCQ
[10-Dec-2024 11:50:39 UTC] MC Index: 0
[10-Dec-2024 11:50:39 UTC] MC Index: 1
[10-Dec-2024 11:50:39 UTC] MC Index: 2
[10-Dec-2024 11:50:39 UTC] MC Index: 3
[10-Dec-2024 11:50:39 UTC]  Verified Question Type: MCQ
[10-Dec-2024 11:50:39 UTC] MC Index: 0
[10-Dec-2024 11:50:39 UTC] MC Index: 1
[10-Dec-2024 11:50:39 UTC] MC Index: 2
[10-Dec-2024 11:50:39 UTC] MC Index: 3
[10-Dec-2024 11:50:50 UTC] 1733831450
[10-Dec-2024 11:50:50 UTC]  Verified Question Type: MCQ
[10-Dec-2024 11:50:50 UTC] MC Index: 0
[10-Dec-2024 11:50:50 UTC] MC Index: 1
[10-Dec-2024 11:50:50 UTC] MC Index: 2
[10-Dec-2024 11:50:50 UTC] MC Index: 3
[10-Dec-2024 11:50:50 UTC]  Verified Question Type: MCQ
[10-Dec-2024 11:50:50 UTC] MC Index: 0
[10-Dec-2024 11:50:50 UTC] MC Index: 1
[10-Dec-2024 11:50:50 UTC] MC Index: 2
[10-Dec-2024 11:50:50 UTC] MC Index: 3
[10-Dec-2024 11:50:50 UTC]  Verified Question Type: MCQ
[10-Dec-2024 11:50:50 UTC] MC Index: 0
[10-Dec-2024 11:50:50 UTC] MC Index: 1
[10-Dec-2024 11:50:50 UTC] MC Index: 2
[10-Dec-2024 11:50:50 UTC] MC Index: 3
[10-Dec-2024 11:50:50 UTC]  Verified Question Type: MCQ
[10-Dec-2024 11:50:50 UTC] MC Index: 0
[10-Dec-2024 11:50:50 UTC] MC Index: 1
[10-Dec-2024 11:50:50 UTC] MC Index: 2
[10-Dec-2024 11:50:50 UTC] MC Index: 3
[10-Dec-2024 11:50:50 UTC]  Verified Question Type: MCQ
[10-Dec-2024 11:50:50 UTC] MC Index: 0
[10-Dec-2024 11:50:50 UTC] MC Index: 1
[10-Dec-2024 11:50:50 UTC] MC Index: 2
[10-Dec-2024 11:50:50 UTC] MC Index: 3
[10-Dec-2024 11:50:50 UTC]  Verified Question Type: MCQ
[10-Dec-2024 11:50:50 UTC] MC Index: 0
[10-Dec-2024 11:50:50 UTC] MC Index: 1
[10-Dec-2024 11:50:50 UTC] MC Index: 2
[10-Dec-2024 11:50:50 UTC] MC Index: 3
[10-Dec-2024 11:50:50 UTC]  Verified Question Type: MCQ
[10-Dec-2024 11:50:50 UTC] MC Index: 0
[10-Dec-2024 11:50:50 UTC] MC Index: 1
[10-Dec-2024 11:50:50 UTC] MC Index: 2
[10-Dec-2024 11:50:50 UTC] MC Index: 3
[10-Dec-2024 11:50:50 UTC]  Verified Question Type: MCQ
[10-Dec-2024 11:50:50 UTC] MC Index: 0
[10-Dec-2024 11:50:50 UTC] MC Index: 1
[10-Dec-2024 11:50:50 UTC] MC Index: 2
[10-Dec-2024 11:50:50 UTC] MC Index: 3
[10-Dec-2024 11:50:50 UTC]  Verified Question Type: MCQ
[10-Dec-2024 11:50:50 UTC] MC Index: 0
[10-Dec-2024 11:50:50 UTC] MC Index: 1
[10-Dec-2024 11:50:50 UTC] MC Index: 2
[10-Dec-2024 11:50:50 UTC] MC Index: 3
[10-Dec-2024 11:50:50 UTC]  Verified Question Type: MCQ
[10-Dec-2024 11:50:50 UTC] MC Index: 0
[10-Dec-2024 11:50:50 UTC] MC Index: 1
[10-Dec-2024 11:50:50 UTC] MC Index: 2
[10-Dec-2024 11:50:50 UTC] MC Index: 3
[10-Dec-2024 11:50:50 UTC]  Verified Question Type: MCQ
[10-Dec-2024 11:50:50 UTC] MC Index: 0
[10-Dec-2024 11:50:50 UTC] MC Index: 1
[10-Dec-2024 11:50:50 UTC] MC Index: 2
[10-Dec-2024 11:50:50 UTC] MC Index: 3
[10-Dec-2024 11:50:50 UTC]  Verified Question Type: MCQ
[10-Dec-2024 11:50:50 UTC] MC Index: 0
[10-Dec-2024 11:50:50 UTC] MC Index: 1
[10-Dec-2024 11:50:50 UTC] MC Index: 2
[10-Dec-2024 11:50:50 UTC] MC Index: 3
[10-Dec-2024 11:50:50 UTC]  Verified Question Type: MCQ
[10-Dec-2024 11:50:50 UTC] MC Index: 0
[10-Dec-2024 11:50:50 UTC] MC Index: 1
[10-Dec-2024 11:50:50 UTC] MC Index: 2
[10-Dec-2024 11:50:50 UTC] MC Index: 3
[10-Dec-2024 11:50:50 UTC]  Verified Question Type: MCQ
[10-Dec-2024 11:50:50 UTC] MC Index: 0
[10-Dec-2024 11:50:50 UTC] MC Index: 1
[10-Dec-2024 11:50:50 UTC] MC Index: 2
[10-Dec-2024 11:50:50 UTC] MC Index: 3
[10-Dec-2024 11:50:50 UTC]  Verified Question Type: MCQ
[10-Dec-2024 11:50:50 UTC] MC Index: 0
[10-Dec-2024 11:50:50 UTC] MC Index: 1
[10-Dec-2024 11:50:50 UTC] MC Index: 2
[10-Dec-2024 11:50:50 UTC] MC Index: 3
